#
# A fatal error has been detected by the Java Runtime Environment:
#
#  SIGSEGV (0xb) at pc=0x00007f9ec7ad1ee0, pid=24300, tid=24306
#
# JRE version: OpenJDK Runtime Environment (11.0.12+7) (build 11.0.12+7-Ubuntu-0ubuntu3)
# Java VM: OpenJDK 64-Bit Server VM (11.0.12+7-Ubuntu-0ubuntu3, mixed mode, sharing, tiered, compressed oops, g1 gc, linux-amd64)
# Problematic frame:
# V  [libjvm.so+0x79dee0]
#
# Core dump will be written. Default location: Core dumps may be processed with "/usr/share/apport/apport %p %s %c %d %P %E" (or dumping to /home/alexandre/ies/IES_97505/lab2/lab2_3/alineaA/ex3/core.24300)
#
# If you would like to submit a bug report, please visit:
#   https://bugs.launchpad.net/ubuntu/+source/openjdk-lts
#

---------------  S U M M A R Y ------------

Command Line: -Xverify:none -XX:TieredStopAtLevel=1 com.ex3a.ex3.Ex3Application

Host: Intel(R) Core(TM) i7-4510U CPU @ 2.00GHz, 4 cores, 7G, Ubuntu 21.10
Time: Sat Oct 30 12:19:47 2021 WEST elapsed time: 2643.216066 seconds (0d 0h 44m 3s)

---------------  T H R E A D  ---------------

Current thread (0x00007f9ec00d9800):  ConcurrentGCThread "G1 Refine#0" [stack: 0x00007f9ec551a000,0x00007f9ec561a000] [id=24306]

Stack: [0x00007f9ec551a000,0x00007f9ec561a000],  sp=0x00007f9ec5618c20,  free space=1019k
Native frames: (J=compiled Java code, A=aot compiled Java code, j=interpreted, Vv=VM code, C=native code)
V  [libjvm.so+0x79dee0]
V  [libjvm.so+0x79bb67]
V  [libjvm.so+0x7022ae]
V  [libjvm.so+0x769422]
V  [libjvm.so+0x63c76a]
V  [libjvm.so+0xe2c460]
V  [libjvm.so+0xbeaf96]


siginfo: si_signo: 11 (SIGSEGV), si_code: 1 (SEGV_MAPERR), si_addr: 0x00000000000000f8

Register to memory mapping:

RAX=0x0 is NULL
RBX=0x000000008581d330 points into unknown readable memory: 0x0000000000000005 | 05 00 00 00 00 00 00 00
RCX=0x0000000000000014 is an unknown value
RDX=0x00007f9ec003fdc0 points into unknown readable memory: 0xffffffffffffffff | ff ff ff ff ff ff ff ff
RSP=0x00007f9ec5618c20 points into unknown readable memory: 0x0000000800296650 | 50 66 29 00 08 00 00 00
RBP=0x00007f9ec5618c60 points into unknown readable memory: 0x00007f9ec5618cf0 | f0 8c 61 c5 9e 7f 00 00
RSI=0x0000000000000010 is an unknown value
RDI=0x0000000800296168 is pointing into metadata
R8 =0x0000000800296338 is pointing into metadata
R9 =0x00007f9ea02c0000 points into unknown readable memory: 0x0000000000000000 | 00 00 00 00 00 00 00 00
R10=0x0 is NULL
R11=0x0 is NULL
R12=0x000000008581d340 points into unknown readable memory: 0xca570fd856878400 | 00 84 87 56 d8 0f 57 ca
R13=0x000000008581d344 points into unknown readable memory: d8 0f 57 ca
R14=0x00007f9ec5618ca0 points into unknown readable memory: 0x00007f9ec84ac348 | 48 c3 4a c8 9e 7f 00 00
R15=0x0000000800296388 is pointing into metadata


Registers:
RAX=0x0000000000000000, RBX=0x000000008581d330, RCX=0x0000000000000014, RDX=0x00007f9ec003fdc0
RSP=0x00007f9ec5618c20, RBP=0x00007f9ec5618c60, RSI=0x0000000000000010, RDI=0x0000000800296168
R8 =0x0000000800296338, R9 =0x00007f9ea02c0000, R10=0x0000000000000000, R11=0x0000000000000000
R12=0x000000008581d340, R13=0x000000008581d344, R14=0x00007f9ec5618ca0, R15=0x0000000800296388
RIP=0x00007f9ec7ad1ee0, EFLAGS=0x0000000000010202, CSGSFS=0x002b000000000033, ERR=0x0000000000000004
  TRAPNO=0x000000000000000e

Top of Stack: (sp=0x00007f9ec5618c20)
0x00007f9ec5618c20:   0000000800296650 0000000800296390
0x00007f9ec5618c30:   00007f9ec5618c60 00007f9ec0073a70
0x00007f9ec5618c40:   000000008581d348 00007f9ec0057080
0x00007f9ec5618c50:   000000008581d348 000000008581d400 

Instructions: (pc=0x00007f9ec7ad1ee0)
0x00007f9ec7ad1de0:   83 c4 04 e8 98 f7 07 00 4d 39 e5 77 8c 0f 1f 00
0x00007f9ec7ad1df0:   49 83 c7 08 4c 39 7d c8 0f 87 52 ff ff ff 48 83
0x00007f9ec7ad1e00:   c4 18 5b 41 5c 41 5d 41 5e 41 5f 5d c3 0f 1f 00
0x00007f9ec7ad1e10:   f3 0f 1e fa 55 48 89 e5 41 57 41 56 49 89 fe 48
0x00007f9ec7ad1e20:   89 d7 41 55 41 54 49 89 d4 53 48 89 f3 48 83 ec
0x00007f9ec7ad1e30:   18 e8 ea 9f 28 00 49 63 94 24 34 01 00 00 49 89
0x00007f9ec7ad1e40:   c0 49 63 84 24 c4 00 00 00 48 01 d0 4d 8d 3c c0
0x00007f9ec7ad1e50:   41 8b 84 24 30 01 00 00 49 8d 04 c7 48 89 45 c8
0x00007f9ec7ad1e60:   4c 39 f8 0f 86 b5 00 00 00 0f 1f 80 00 00 00 00
0x00007f9ec7ad1e70:   49 63 37 41 8b 47 04 4c 8d 24 33 4d 8d 2c 84 4d
0x00007f9ec7ad1e80:   39 e5 77 15 e9 87 00 00 00 0f 1f 80 00 00 00 00
0x00007f9ec7ad1e90:   49 83 c4 04 4d 39 e5 76 77 41 8b 04 24 85 c0 74
0x00007f9ec7ad1ea0:   ef 48 8d 15 78 29 ab 00 8b 4a 08 48 d3 e0 48 8d
0x00007f9ec7ad1eb0:   0d cf 0b ae 00 48 03 02 4c 89 e2 48 31 c2 8b 09
0x00007f9ec7ad1ec0:   48 d3 ea 48 85 d2 74 c8 49 8b 56 10 8b 8a c0 02
0x00007f9ec7ad1ed0:   00 00 48 8b 92 b0 02 00 00 48 d3 e8 48 8b 04 c2
0x00007f9ec7ad1ee0:   48 8b b8 f8 00 00 00 8b 87 18 01 00 00 85 c0 74
0x00007f9ec7ad1ef0:   9f 41 8b 56 18 4c 89 e6 48 81 c7 90 00 00 00 49
0x00007f9ec7ad1f00:   83 c4 04 e8 78 f6 07 00 4d 39 e5 77 8c 0f 1f 00
0x00007f9ec7ad1f10:   49 83 c7 08 4c 39 7d c8 0f 87 52 ff ff ff 48 83
0x00007f9ec7ad1f20:   c4 18 5b 41 5c 41 5d 41 5e 41 5f 5d c3 0f 1f 00
0x00007f9ec7ad1f30:   f3 0f 1e fa 55 48 89 e5 41 57 49 89 ff 48 89 d7
0x00007f9ec7ad1f40:   41 56 41 55 41 54 49 89 d4 53 48 89 cb 48 83 ec
0x00007f9ec7ad1f50:   28 48 89 75 b8 4c 89 45 c0 e8 c2 9e 28 00 49 63
0x00007f9ec7ad1f60:   94 24 34 01 00 00 4c 8b 45 c0 49 89 c1 49 63 84
0x00007f9ec7ad1f70:   24 c4 00 00 00 4a 8d 34 c3 48 01 d0 48 89 75 c0
0x00007f9ec7ad1f80:   4d 8d 34 c1 41 8b 84 24 30 01 00 00 49 8d 04 c6
0x00007f9ec7ad1f90:   48 89 45 c8 49 39 c6 0f 83 c9 00 00 00 0f 1f 00
0x00007f9ec7ad1fa0:   41 8b 46 04 49 63 36 48 03 75 b8 4c 8d 04 86 48
0x00007f9ec7ad1fb0:   8b 45 c0 48 39 de 48 0f 42 f3 49 39 c0 4c 0f 47
0x00007f9ec7ad1fc0:   c0 49 89 f4 4d 89 c5 4c 39 c6 72 15 e9 87 00 00
0x00007f9ec7ad1fd0:   00 0f 1f 80 00 00 00 00 49 83 c4 04 4d 39 e5 76 


Stack slot to memory mapping:
stack at sp + 0 slots: 0x0000000800296650 is pointing into metadata
stack at sp + 1 slots: 0x0000000800296390 is pointing into metadata
stack at sp + 2 slots: 0x00007f9ec5618c60 points into unknown readable memory: 0x00007f9ec5618cf0 | f0 8c 61 c5 9e 7f 00 00
stack at sp + 3 slots: 0x00007f9ec0073a70 points into unknown readable memory: 0x00007f9ec8557568 | 68 75 55 c8 9e 7f 00 00
stack at sp + 4 slots: 0x000000008581d348 points into unknown readable memory: 0x00000000ca570fd9 | d9 0f 57 ca 00 00 00 00
stack at sp + 5 slots: 0x00007f9ec0057080 points into unknown readable memory: 0x0000000085800000 | 00 00 80 85 00 00 00 00
stack at sp + 6 slots: 0x000000008581d348 points into unknown readable memory: 0x00000000ca570fd9 | d9 0f 57 ca 00 00 00 00
stack at sp + 7 slots: 0x000000008581d400 points into unknown readable memory: 0x0000000340400000 | 00 00 40 40 03 00 00 00


---------------  P R O C E S S  ---------------

Threads class SMR info:
_java_thread_list=0x00007f9e3c000fc0, length=13, elements={
0x00007f9ec010f800, 0x00007f9ec0111800, 0x00007f9ec0118000, 0x00007f9ec011a000,
0x00007f9ec011c800, 0x00007f9ec011e800, 0x00007f9ec016a000, 0x00007f9ec0a8b000,
0x00007f9e5c142800, 0x00007f9ec0a90000, 0x00007f9ec0015800, 0x00007f9e78001000,
0x00007f9e34006000
}

Java Threads: ( => current thread )
  0x00007f9ec010f800 JavaThread "Reference Handler" daemon [_thread_blocked, id=24309, stack(0x00007f9ec48ce000,0x00007f9ec49ce000)]
  0x00007f9ec0111800 JavaThread "Finalizer" daemon [_thread_blocked, id=24310, stack(0x00007f9ec47ce000,0x00007f9ec48ce000)]
  0x00007f9ec0118000 JavaThread "Signal Dispatcher" daemon [_thread_blocked, id=24313, stack(0x00007f9ec46ce000,0x00007f9ec47ce000)]
  0x00007f9ec011a000 JavaThread "Service Thread" daemon [_thread_blocked, id=24314, stack(0x00007f9ec45ce000,0x00007f9ec46ce000)]
  0x00007f9ec011c800 JavaThread "C1 CompilerThread0" daemon [_thread_blocked, id=24315, stack(0x00007f9ec44ce000,0x00007f9ec45ce000)]
  0x00007f9ec011e800 JavaThread "Sweeper thread" daemon [_thread_blocked, id=24318, stack(0x00007f9ec43ce000,0x00007f9ec44ce000)]
  0x00007f9ec016a000 JavaThread "Common-Cleaner" daemon [_thread_blocked, id=24320, stack(0x00007f9ec41cc000,0x00007f9ec42cc000)]
  0x00007f9ec0a8b000 JavaThread "Catalina-utility-1" [_thread_blocked, id=24336, stack(0x00007f9ea855b000,0x00007f9ea865b000)]
  0x00007f9e5c142800 JavaThread "Catalina-utility-2" [_thread_blocked, id=24337, stack(0x00007f9e98d1e000,0x00007f9e98e1e000)]
  0x00007f9ec0a90000 JavaThread "container-0" [_thread_blocked, id=24338, stack(0x00007f9e98c1e000,0x00007f9e98d1e000)]
  0x00007f9ec0015800 JavaThread "DestroyJavaVM" [_thread_blocked, id=24301, stack(0x00007f9ec6f1d000,0x00007f9ec701d000)]
  0x00007f9e78001000 JavaThread "SIGINT handler" daemon [_thread_blocked, id=27684, stack(0x00007f9e2fb00000,0x00007f9e2fc00000)]
  0x00007f9e34006000 JavaThread "SpringApplicationShutdownHook" [_thread_blocked, id=27687, stack(0x00007f9e2f900000,0x00007f9e2fa00000)]

Other Threads:
  0x00007f9ec010c800 VMThread "VM Thread" [stack: 0x00007f9ec49d0000,0x00007f9ec4ad0000] [id=24308]
  0x00007f9ec0167800 WatcherThread [stack: 0x00007f9ec42ce000,0x00007f9ec43ce000] [id=24319]
  0x00007f9ec002e800 GCTaskThread "GC Thread#0" [stack: 0x00007f9ec6be6000,0x00007f9ec6ce6000] [id=24303]
  0x00007f9e8c001000 GCTaskThread "GC Thread#1" [stack: 0x00007f9ec406d000,0x00007f9ec416d000] [id=24330]
  0x00007f9e8c002800 GCTaskThread "GC Thread#2" [stack: 0x00007f9ea875f000,0x00007f9ea885f000] [id=24331]
  0x00007f9e8c005000 GCTaskThread "GC Thread#3" [stack: 0x00007f9ea805b000,0x00007f9ea815b000] [id=24335]
  0x00007f9ec005f800 ConcurrentGCThread "G1 Main Marker" [stack: 0x00007f9ec5b22000,0x00007f9ec5c22000] [id=24304]
  0x00007f9ec0061800 ConcurrentGCThread "G1 Conc#0" [stack: 0x00007f9ec5a20000,0x00007f9ec5b20000] [id=24305]
=>0x00007f9ec00d9800 ConcurrentGCThread "G1 Refine#0" [stack: 0x00007f9ec551a000,0x00007f9ec561a000] [id=24306]
  0x00007f9e90001000 ConcurrentGCThread "G1 Refine#1" [stack: 0x00007f9ea865d000,0x00007f9ea875d000] [id=24332]
  0x00007f9ec00db800 ConcurrentGCThread "G1 Young RemSet Sampling" [stack: 0x00007f9ec5418000,0x00007f9ec5518000] [id=24307]

Threads with active compile tasks:

VM state:not at safepoint (normal execution)

VM Mutex/Monitor currently owned by a thread: None

Heap address: 0x0000000085800000, size: 1960 MB, Compressed Oops mode: 32-bit
Narrow klass base: 0x0000000800000000, Narrow klass shift: 3
Compressed class space size: 1073741824 Address: 0x0000000840000000

Heap:
 garbage-first heap   total 166912K, used 35114K [0x0000000085800000, 0x0000000100000000)
  region size 1024K, 31 young (31744K), 6 survivors (6144K)
 Metaspace       used 24276K, capacity 25399K, committed 25728K, reserved 1071104K
  class space    used 3193K, capacity 3661K, committed 3712K, reserved 1048576K
Heap Regions: E=young(eden), S=young(survivor), O=old, HS=humongous(starts), HC=humongous(continues), CS=collection set, F=free, A=archive, TAMS=top-at-mark-start (previous, next)
|   0|0x0000000085800000, 0x0000000085900000, 0x0000000085900000|100%| O|  |TAMS 0x0000000085900000, 0x0000000085800000| Untracked 
|   1|0x0000000085900000, 0x0000000085a00000, 0x0000000085a00000|100%| O|  |TAMS 0x0000000085a00000, 0x0000000085900000| Untracked 
|   2|0x0000000085a00000, 0x0000000085b00000, 0x0000000085b00000|100%| O|  |TAMS 0x0000000085b00000, 0x0000000085a00000| Untracked 
|   3|0x0000000085b00000, 0x0000000085c00000, 0x0000000085c00000|100%| O|  |TAMS 0x0000000085c00000, 0x0000000085b00000| Untracked 
|   4|0x0000000085c00000, 0x0000000085c25c00, 0x0000000085d00000| 14%| O|  |TAMS 0x0000000085c25c00, 0x0000000085c00000| Untracked 
|   5|0x0000000085d00000, 0x0000000085d00000, 0x0000000085e00000|  0%| F|  |TAMS 0x0000000085d00000, 0x0000000085d00000| Untracked 
|   6|0x0000000085e00000, 0x0000000085e00000, 0x0000000085f00000|  0%| F|  |TAMS 0x0000000085e00000, 0x0000000085e00000| Untracked 
|   7|0x0000000085f00000, 0x0000000085f00000, 0x0000000086000000|  0%| F|  |TAMS 0x0000000085f00000, 0x0000000085f00000| Untracked 
|   8|0x0000000086000000, 0x0000000086000000, 0x0000000086100000|  0%| F|  |TAMS 0x0000000086000000, 0x0000000086000000| Untracked 
|   9|0x0000000086100000, 0x0000000086100000, 0x0000000086200000|  0%| F|  |TAMS 0x0000000086100000, 0x0000000086100000| Untracked 
|  10|0x0000000086200000, 0x0000000086200000, 0x0000000086300000|  0%| F|  |TAMS 0x0000000086200000, 0x0000000086200000| Untracked 
|  11|0x0000000086300000, 0x0000000086300000, 0x0000000086400000|  0%| F|  |TAMS 0x0000000086300000, 0x0000000086300000| Untracked 
|  12|0x0000000086400000, 0x0000000086400000, 0x0000000086500000|  0%| F|  |TAMS 0x0000000086400000, 0x0000000086400000| Untracked 
|  13|0x0000000086500000, 0x0000000086500000, 0x0000000086600000|  0%| F|  |TAMS 0x0000000086500000, 0x0000000086500000| Untracked 
|  14|0x0000000086600000, 0x0000000086600000, 0x0000000086700000|  0%| F|  |TAMS 0x0000000086600000, 0x0000000086600000| Untracked 
|  15|0x0000000086700000, 0x0000000086700000, 0x0000000086800000|  0%| F|  |TAMS 0x0000000086700000, 0x0000000086700000| Untracked 
|  16|0x0000000086800000, 0x0000000086800000, 0x0000000086900000|  0%| F|  |TAMS 0x0000000086800000, 0x0000000086800000| Untracked 
|  17|0x0000000086900000, 0x0000000086900000, 0x0000000086a00000|  0%| F|  |TAMS 0x0000000086900000, 0x0000000086900000| Untracked 
|  18|0x0000000086a00000, 0x0000000086a00000, 0x0000000086b00000|  0%| F|  |TAMS 0x0000000086a00000, 0x0000000086a00000| Untracked 
|  19|0x0000000086b00000, 0x0000000086b00000, 0x0000000086c00000|  0%| F|  |TAMS 0x0000000086b00000, 0x0000000086b00000| Untracked 
|  20|0x0000000086c00000, 0x0000000086c00000, 0x0000000086d00000|  0%| F|  |TAMS 0x0000000086c00000, 0x0000000086c00000| Untracked 
|  21|0x0000000086d00000, 0x0000000086d00000, 0x0000000086e00000|  0%| F|  |TAMS 0x0000000086d00000, 0x0000000086d00000| Untracked 
|  22|0x0000000086e00000, 0x0000000086e00000, 0x0000000086f00000|  0%| F|  |TAMS 0x0000000086e00000, 0x0000000086e00000| Untracked 
|  23|0x0000000086f00000, 0x0000000086f00000, 0x0000000087000000|  0%| F|  |TAMS 0x0000000086f00000, 0x0000000086f00000| Untracked 
|  24|0x0000000087000000, 0x0000000087000000, 0x0000000087100000|  0%| F|  |TAMS 0x0000000087000000, 0x0000000087000000| Untracked 
|  25|0x0000000087100000, 0x0000000087100000, 0x0000000087200000|  0%| F|  |TAMS 0x0000000087100000, 0x0000000087100000| Untracked 
|  26|0x0000000087200000, 0x0000000087200000, 0x0000000087300000|  0%| F|  |TAMS 0x0000000087200000, 0x0000000087200000| Untracked 
|  27|0x0000000087300000, 0x0000000087300000, 0x0000000087400000|  0%| F|  |TAMS 0x0000000087300000, 0x0000000087300000| Untracked 
|  28|0x0000000087400000, 0x0000000087400000, 0x0000000087500000|  0%| F|  |TAMS 0x0000000087400000, 0x0000000087400000| Untracked 
|  29|0x0000000087500000, 0x0000000087500000, 0x0000000087600000|  0%| F|  |TAMS 0x0000000087500000, 0x0000000087500000| Untracked 
|  30|0x0000000087600000, 0x0000000087600000, 0x0000000087700000|  0%| F|  |TAMS 0x0000000087600000, 0x0000000087600000| Untracked 
|  31|0x0000000087700000, 0x0000000087700000, 0x0000000087800000|  0%| F|  |TAMS 0x0000000087700000, 0x0000000087700000| Untracked 
|  32|0x0000000087800000, 0x0000000087800000, 0x0000000087900000|  0%| F|  |TAMS 0x0000000087800000, 0x0000000087800000| Untracked 
|  33|0x0000000087900000, 0x0000000087900000, 0x0000000087a00000|  0%| F|  |TAMS 0x0000000087900000, 0x0000000087900000| Untracked 
|  34|0x0000000087a00000, 0x0000000087a00000, 0x0000000087b00000|  0%| F|  |TAMS 0x0000000087a00000, 0x0000000087a00000| Untracked 
|  35|0x0000000087b00000, 0x0000000087b00000, 0x0000000087c00000|  0%| F|  |TAMS 0x0000000087b00000, 0x0000000087b00000| Untracked 
|  36|0x0000000087c00000, 0x0000000087c00000, 0x0000000087d00000|  0%| F|  |TAMS 0x0000000087c00000, 0x0000000087c00000| Untracked 
|  37|0x0000000087d00000, 0x0000000087d00000, 0x0000000087e00000|  0%| F|  |TAMS 0x0000000087d00000, 0x0000000087d00000| Untracked 
|  38|0x0000000087e00000, 0x0000000087e00000, 0x0000000087f00000|  0%| F|  |TAMS 0x0000000087e00000, 0x0000000087e00000| Untracked 
|  39|0x0000000087f00000, 0x0000000087f00000, 0x0000000088000000|  0%| F|  |TAMS 0x0000000087f00000, 0x0000000087f00000| Untracked 
|  40|0x0000000088000000, 0x0000000088000000, 0x0000000088100000|  0%| F|  |TAMS 0x0000000088000000, 0x0000000088000000| Untracked 
|  41|0x0000000088100000, 0x0000000088100000, 0x0000000088200000|  0%| F|  |TAMS 0x0000000088100000, 0x0000000088100000| Untracked 
|  42|0x0000000088200000, 0x0000000088200000, 0x0000000088300000|  0%| F|  |TAMS 0x0000000088200000, 0x0000000088200000| Untracked 
|  43|0x0000000088300000, 0x0000000088300000, 0x0000000088400000|  0%| F|  |TAMS 0x0000000088300000, 0x0000000088300000| Untracked 
|  44|0x0000000088400000, 0x0000000088400000, 0x0000000088500000|  0%| F|  |TAMS 0x0000000088400000, 0x0000000088400000| Untracked 
|  45|0x0000000088500000, 0x0000000088500000, 0x0000000088600000|  0%| F|  |TAMS 0x0000000088500000, 0x0000000088500000| Untracked 
|  46|0x0000000088600000, 0x0000000088600000, 0x0000000088700000|  0%| F|  |TAMS 0x0000000088600000, 0x0000000088600000| Untracked 
|  47|0x0000000088700000, 0x0000000088700000, 0x0000000088800000|  0%| F|  |TAMS 0x0000000088700000, 0x0000000088700000| Untracked 
|  48|0x0000000088800000, 0x0000000088800000, 0x0000000088900000|  0%| F|  |TAMS 0x0000000088800000, 0x0000000088800000| Untracked 
|  49|0x0000000088900000, 0x0000000088900000, 0x0000000088a00000|  0%| F|  |TAMS 0x0000000088900000, 0x0000000088900000| Untracked 
|  50|0x0000000088a00000, 0x0000000088a00000, 0x0000000088b00000|  0%| F|  |TAMS 0x0000000088a00000, 0x0000000088a00000| Untracked 
|  51|0x0000000088b00000, 0x0000000088b00000, 0x0000000088c00000|  0%| F|  |TAMS 0x0000000088b00000, 0x0000000088b00000| Untracked 
|  52|0x0000000088c00000, 0x0000000088c00000, 0x0000000088d00000|  0%| F|  |TAMS 0x0000000088c00000, 0x0000000088c00000| Untracked 
|  53|0x0000000088d00000, 0x0000000088d00000, 0x0000000088e00000|  0%| F|  |TAMS 0x0000000088d00000, 0x0000000088d00000| Untracked 
|  54|0x0000000088e00000, 0x0000000088e00000, 0x0000000088f00000|  0%| F|  |TAMS 0x0000000088e00000, 0x0000000088e00000| Untracked 
|  55|0x0000000088f00000, 0x0000000088f00000, 0x0000000089000000|  0%| F|  |TAMS 0x0000000088f00000, 0x0000000088f00000| Untracked 
|  56|0x0000000089000000, 0x0000000089000000, 0x0000000089100000|  0%| F|  |TAMS 0x0000000089000000, 0x0000000089000000| Untracked 
|  57|0x0000000089100000, 0x0000000089100000, 0x0000000089200000|  0%| F|  |TAMS 0x0000000089100000, 0x0000000089100000| Untracked 
|  58|0x0000000089200000, 0x0000000089200000, 0x0000000089300000|  0%| F|  |TAMS 0x0000000089200000, 0x0000000089200000| Untracked 
|  59|0x0000000089300000, 0x0000000089300000, 0x0000000089400000|  0%| F|  |TAMS 0x0000000089300000, 0x0000000089300000| Untracked 
|  60|0x0000000089400000, 0x0000000089400000, 0x0000000089500000|  0%| F|  |TAMS 0x0000000089400000, 0x0000000089400000| Untracked 
|  61|0x0000000089500000, 0x0000000089500000, 0x0000000089600000|  0%| F|  |TAMS 0x0000000089500000, 0x0000000089500000| Untracked 
|  62|0x0000000089600000, 0x0000000089600000, 0x0000000089700000|  0%| F|  |TAMS 0x0000000089600000, 0x0000000089600000| Untracked 
|  63|0x0000000089700000, 0x0000000089700000, 0x0000000089800000|  0%| F|  |TAMS 0x0000000089700000, 0x0000000089700000| Untracked 
|  64|0x0000000089800000, 0x0000000089800000, 0x0000000089900000|  0%| F|  |TAMS 0x0000000089800000, 0x0000000089800000| Untracked 
|  65|0x0000000089900000, 0x0000000089900000, 0x0000000089a00000|  0%| F|  |TAMS 0x0000000089900000, 0x0000000089900000| Untracked 
|  66|0x0000000089a00000, 0x0000000089a00000, 0x0000000089b00000|  0%| F|  |TAMS 0x0000000089a00000, 0x0000000089a00000| Untracked 
|  67|0x0000000089b00000, 0x0000000089b00000, 0x0000000089c00000|  0%| F|  |TAMS 0x0000000089b00000, 0x0000000089b00000| Untracked 
|  68|0x0000000089c00000, 0x0000000089c00000, 0x0000000089d00000|  0%| F|  |TAMS 0x0000000089c00000, 0x0000000089c00000| Untracked 
|  69|0x0000000089d00000, 0x0000000089d00000, 0x0000000089e00000|  0%| F|  |TAMS 0x0000000089d00000, 0x0000000089d00000| Untracked 
|  70|0x0000000089e00000, 0x0000000089e00000, 0x0000000089f00000|  0%| F|  |TAMS 0x0000000089e00000, 0x0000000089e00000| Untracked 
|  71|0x0000000089f00000, 0x0000000089f00000, 0x000000008a000000|  0%| F|  |TAMS 0x0000000089f00000, 0x0000000089f00000| Untracked 
|  72|0x000000008a000000, 0x000000008a000000, 0x000000008a100000|  0%| F|  |TAMS 0x000000008a000000, 0x000000008a000000| Untracked 
|  73|0x000000008a100000, 0x000000008a100000, 0x000000008a200000|  0%| F|  |TAMS 0x000000008a100000, 0x000000008a100000| Untracked 
|  74|0x000000008a200000, 0x000000008a200000, 0x000000008a300000|  0%| F|  |TAMS 0x000000008a200000, 0x000000008a200000| Untracked 
|  75|0x000000008a300000, 0x000000008a300000, 0x000000008a400000|  0%| F|  |TAMS 0x000000008a300000, 0x000000008a300000| Untracked 
|  76|0x000000008a400000, 0x000000008a400000, 0x000000008a500000|  0%| F|  |TAMS 0x000000008a400000, 0x000000008a400000| Untracked 
|  77|0x000000008a500000, 0x000000008a500000, 0x000000008a600000|  0%| F|  |TAMS 0x000000008a500000, 0x000000008a500000| Untracked 
|  78|0x000000008a600000, 0x000000008a600000, 0x000000008a700000|  0%| F|  |TAMS 0x000000008a600000, 0x000000008a600000| Untracked 
|  79|0x000000008a700000, 0x000000008a700000, 0x000000008a800000|  0%| F|  |TAMS 0x000000008a700000, 0x000000008a700000| Untracked 
|  80|0x000000008a800000, 0x000000008a800000, 0x000000008a900000|  0%| F|  |TAMS 0x000000008a800000, 0x000000008a800000| Untracked 
|  81|0x000000008a900000, 0x000000008a900000, 0x000000008aa00000|  0%| F|  |TAMS 0x000000008a900000, 0x000000008a900000| Untracked 
|  82|0x000000008aa00000, 0x000000008aa00000, 0x000000008ab00000|  0%| F|  |TAMS 0x000000008aa00000, 0x000000008aa00000| Untracked 
|  83|0x000000008ab00000, 0x000000008ab00000, 0x000000008ac00000|  0%| F|  |TAMS 0x000000008ab00000, 0x000000008ab00000| Untracked 
|  84|0x000000008ac00000, 0x000000008ac00000, 0x000000008ad00000|  0%| F|  |TAMS 0x000000008ac00000, 0x000000008ac00000| Untracked 
|  85|0x000000008ad00000, 0x000000008ad00000, 0x000000008ae00000|  0%| F|  |TAMS 0x000000008ad00000, 0x000000008ad00000| Untracked 
|  86|0x000000008ae00000, 0x000000008ae00000, 0x000000008af00000|  0%| F|  |TAMS 0x000000008ae00000, 0x000000008ae00000| Untracked 
|  87|0x000000008af00000, 0x000000008af00000, 0x000000008b000000|  0%| F|  |TAMS 0x000000008af00000, 0x000000008af00000| Untracked 
|  88|0x000000008b000000, 0x000000008b000000, 0x000000008b100000|  0%| F|  |TAMS 0x000000008b000000, 0x000000008b000000| Untracked 
|  89|0x000000008b100000, 0x000000008b100000, 0x000000008b200000|  0%| F|  |TAMS 0x000000008b100000, 0x000000008b100000| Untracked 
|  90|0x000000008b200000, 0x000000008b200000, 0x000000008b300000|  0%| F|  |TAMS 0x000000008b200000, 0x000000008b200000| Untracked 
|  91|0x000000008b300000, 0x000000008b300000, 0x000000008b400000|  0%| F|  |TAMS 0x000000008b300000, 0x000000008b300000| Untracked 
|  92|0x000000008b400000, 0x000000008b400000, 0x000000008b500000|  0%| F|  |TAMS 0x000000008b400000, 0x000000008b400000| Untracked 
|  93|0x000000008b500000, 0x000000008b500000, 0x000000008b600000|  0%| F|  |TAMS 0x000000008b500000, 0x000000008b500000| Untracked 
|  94|0x000000008b600000, 0x000000008b600000, 0x000000008b700000|  0%| F|  |TAMS 0x000000008b600000, 0x000000008b600000| Untracked 
|  95|0x000000008b700000, 0x000000008b700000, 0x000000008b800000|  0%| F|  |TAMS 0x000000008b700000, 0x000000008b700000| Untracked 
|  96|0x000000008b800000, 0x000000008b800000, 0x000000008b900000|  0%| F|  |TAMS 0x000000008b800000, 0x000000008b800000| Untracked 
|  97|0x000000008b900000, 0x000000008b900000, 0x000000008ba00000|  0%| F|  |TAMS 0x000000008b900000, 0x000000008b900000| Untracked 
|  98|0x000000008ba00000, 0x000000008ba00000, 0x000000008bb00000|  0%| F|  |TAMS 0x000000008ba00000, 0x000000008ba00000| Untracked 
|  99|0x000000008bb00000, 0x000000008bb00000, 0x000000008bc00000|  0%| F|  |TAMS 0x000000008bb00000, 0x000000008bb00000| Untracked 
| 100|0x000000008bc00000, 0x000000008bc00000, 0x000000008bd00000|  0%| F|  |TAMS 0x000000008bc00000, 0x000000008bc00000| Untracked 
| 101|0x000000008bd00000, 0x000000008bd00000, 0x000000008be00000|  0%| F|  |TAMS 0x000000008bd00000, 0x000000008bd00000| Untracked 
| 102|0x000000008be00000, 0x000000008be00000, 0x000000008bf00000|  0%| F|  |TAMS 0x000000008be00000, 0x000000008be00000| Untracked 
| 103|0x000000008bf00000, 0x000000008bf00000, 0x000000008c000000|  0%| F|  |TAMS 0x000000008bf00000, 0x000000008bf00000| Untracked 
| 104|0x000000008c000000, 0x000000008c000000, 0x000000008c100000|  0%| F|  |TAMS 0x000000008c000000, 0x000000008c000000| Untracked 
| 105|0x000000008c100000, 0x000000008c100000, 0x000000008c200000|  0%| F|  |TAMS 0x000000008c100000, 0x000000008c100000| Untracked 
| 106|0x000000008c200000, 0x000000008c200000, 0x000000008c300000|  0%| F|  |TAMS 0x000000008c200000, 0x000000008c200000| Untracked 
| 107|0x000000008c300000, 0x000000008c372e60, 0x000000008c400000| 44%| S|CS|TAMS 0x000000008c300000, 0x000000008c300000| Complete 
| 108|0x000000008c400000, 0x000000008c500000, 0x000000008c500000|100%| S|CS|TAMS 0x000000008c400000, 0x000000008c400000| Complete 
| 109|0x000000008c500000, 0x000000008c600000, 0x000000008c600000|100%| S|CS|TAMS 0x000000008c500000, 0x000000008c500000| Complete 
| 110|0x000000008c600000, 0x000000008c700000, 0x000000008c700000|100%| S|CS|TAMS 0x000000008c600000, 0x000000008c600000| Complete 
| 111|0x000000008c700000, 0x000000008c800000, 0x000000008c800000|100%| S|CS|TAMS 0x000000008c700000, 0x000000008c700000| Complete 
| 112|0x000000008c800000, 0x000000008c900000, 0x000000008c900000|100%| S|CS|TAMS 0x000000008c800000, 0x000000008c800000| Complete 
| 113|0x000000008c900000, 0x000000008c900000, 0x000000008ca00000|  0%| F|  |TAMS 0x000000008c900000, 0x000000008c900000| Untracked 
| 114|0x000000008ca00000, 0x000000008ca00000, 0x000000008cb00000|  0%| F|  |TAMS 0x000000008ca00000, 0x000000008ca00000| Untracked 
| 115|0x000000008cb00000, 0x000000008cb00000, 0x000000008cc00000|  0%| F|  |TAMS 0x000000008cb00000, 0x000000008cb00000| Untracked 
| 116|0x000000008cc00000, 0x000000008cc00000, 0x000000008cd00000|  0%| F|  |TAMS 0x000000008cc00000, 0x000000008cc00000| Untracked 
| 117|0x000000008cd00000, 0x000000008cd00000, 0x000000008ce00000|  0%| F|  |TAMS 0x000000008cd00000, 0x000000008cd00000| Untracked 
| 118|0x000000008ce00000, 0x000000008ce00000, 0x000000008cf00000|  0%| F|  |TAMS 0x000000008ce00000, 0x000000008ce00000| Untracked 
| 119|0x000000008cf00000, 0x000000008cf00000, 0x000000008d000000|  0%| F|  |TAMS 0x000000008cf00000, 0x000000008cf00000| Untracked 
| 120|0x000000008d000000, 0x000000008d000000, 0x000000008d100000|  0%| F|  |TAMS 0x000000008d000000, 0x000000008d000000| Untracked 
| 121|0x000000008d100000, 0x000000008d100000, 0x000000008d200000|  0%| F|  |TAMS 0x000000008d100000, 0x000000008d100000| Untracked 
| 122|0x000000008d200000, 0x000000008d200000, 0x000000008d300000|  0%| F|  |TAMS 0x000000008d200000, 0x000000008d200000| Untracked 
| 123|0x000000008d300000, 0x000000008d300000, 0x000000008d400000|  0%| F|  |TAMS 0x000000008d300000, 0x000000008d300000| Untracked 
| 124|0x000000008d400000, 0x000000008d400000, 0x000000008d500000|  0%| F|  |TAMS 0x000000008d400000, 0x000000008d400000| Untracked 
| 125|0x000000008d500000, 0x000000008d500000, 0x000000008d600000|  0%| F|  |TAMS 0x000000008d500000, 0x000000008d500000| Untracked 
| 126|0x000000008d600000, 0x000000008d600000, 0x000000008d700000|  0%| F|  |TAMS 0x000000008d600000, 0x000000008d600000| Untracked 
| 127|0x000000008d700000, 0x000000008d700000, 0x000000008d800000|  0%| F|  |TAMS 0x000000008d700000, 0x000000008d700000| Untracked 
| 128|0x000000008d800000, 0x000000008d800000, 0x000000008d900000|  0%| F|  |TAMS 0x000000008d800000, 0x000000008d800000| Untracked 
| 129|0x000000008d900000, 0x000000008d900000, 0x000000008da00000|  0%| F|  |TAMS 0x000000008d900000, 0x000000008d900000| Untracked 
| 130|0x000000008da00000, 0x000000008da00000, 0x000000008db00000|  0%| F|  |TAMS 0x000000008da00000, 0x000000008da00000| Untracked 
| 131|0x000000008db00000, 0x000000008db00000, 0x000000008dc00000|  0%| F|  |TAMS 0x000000008db00000, 0x000000008db00000| Untracked 
| 132|0x000000008dc00000, 0x000000008dc00000, 0x000000008dd00000|  0%| F|  |TAMS 0x000000008dc00000, 0x000000008dc00000| Untracked 
| 133|0x000000008dd00000, 0x000000008dd00000, 0x000000008de00000|  0%| F|  |TAMS 0x000000008dd00000, 0x000000008dd00000| Untracked 
| 134|0x000000008de00000, 0x000000008de00000, 0x000000008df00000|  0%| F|  |TAMS 0x000000008de00000, 0x000000008de00000| Untracked 
| 135|0x000000008df00000, 0x000000008df00000, 0x000000008e000000|  0%| F|  |TAMS 0x000000008df00000, 0x000000008df00000| Untracked 
| 136|0x000000008e000000, 0x000000008e100000, 0x000000008e100000|100%| E|  |TAMS 0x000000008e000000, 0x000000008e000000| Complete 
| 137|0x000000008e100000, 0x000000008e200000, 0x000000008e200000|100%| E|CS|TAMS 0x000000008e100000, 0x000000008e100000| Complete 
| 138|0x000000008e200000, 0x000000008e300000, 0x000000008e300000|100%| E|CS|TAMS 0x000000008e200000, 0x000000008e200000| Complete 
| 139|0x000000008e300000, 0x000000008e400000, 0x000000008e400000|100%| E|CS|TAMS 0x000000008e300000, 0x000000008e300000| Complete 
| 140|0x000000008e400000, 0x000000008e500000, 0x000000008e500000|100%| E|CS|TAMS 0x000000008e400000, 0x000000008e400000| Complete 
| 141|0x000000008e500000, 0x000000008e600000, 0x000000008e600000|100%| E|CS|TAMS 0x000000008e500000, 0x000000008e500000| Complete 
| 142|0x000000008e600000, 0x000000008e700000, 0x000000008e700000|100%| E|CS|TAMS 0x000000008e600000, 0x000000008e600000| Complete 
| 143|0x000000008e700000, 0x000000008e800000, 0x000000008e800000|100%| E|CS|TAMS 0x000000008e700000, 0x000000008e700000| Complete 
| 144|0x000000008e800000, 0x000000008e900000, 0x000000008e900000|100%| E|CS|TAMS 0x000000008e800000, 0x000000008e800000| Complete 
| 145|0x000000008e900000, 0x000000008ea00000, 0x000000008ea00000|100%| E|CS|TAMS 0x000000008e900000, 0x000000008e900000| Complete 
| 146|0x000000008ea00000, 0x000000008eb00000, 0x000000008eb00000|100%| E|CS|TAMS 0x000000008ea00000, 0x000000008ea00000| Complete 
| 147|0x000000008eb00000, 0x000000008ec00000, 0x000000008ec00000|100%| E|CS|TAMS 0x000000008eb00000, 0x000000008eb00000| Complete 
| 148|0x000000008ec00000, 0x000000008ed00000, 0x000000008ed00000|100%| E|CS|TAMS 0x000000008ec00000, 0x000000008ec00000| Complete 
| 149|0x000000008ed00000, 0x000000008ee00000, 0x000000008ee00000|100%| E|CS|TAMS 0x000000008ed00000, 0x000000008ed00000| Complete 
| 150|0x000000008ee00000, 0x000000008ef00000, 0x000000008ef00000|100%| E|CS|TAMS 0x000000008ee00000, 0x000000008ee00000| Complete 
| 151|0x000000008ef00000, 0x000000008f000000, 0x000000008f000000|100%| E|CS|TAMS 0x000000008ef00000, 0x000000008ef00000| Complete 
| 152|0x000000008f000000, 0x000000008f100000, 0x000000008f100000|100%| E|CS|TAMS 0x000000008f000000, 0x000000008f000000| Complete 
| 153|0x000000008f100000, 0x000000008f200000, 0x000000008f200000|100%| E|CS|TAMS 0x000000008f100000, 0x000000008f100000| Complete 
| 154|0x000000008f200000, 0x000000008f300000, 0x000000008f300000|100%| E|CS|TAMS 0x000000008f200000, 0x000000008f200000| Complete 
| 155|0x000000008f300000, 0x000000008f400000, 0x000000008f400000|100%| E|CS|TAMS 0x000000008f300000, 0x000000008f300000| Complete 
| 156|0x000000008f400000, 0x000000008f500000, 0x000000008f500000|100%| E|CS|TAMS 0x000000008f400000, 0x000000008f400000| Complete 
| 157|0x000000008f500000, 0x000000008f600000, 0x000000008f600000|100%| E|CS|TAMS 0x000000008f500000, 0x000000008f500000| Complete 
| 158|0x000000008f600000, 0x000000008f700000, 0x000000008f700000|100%| E|CS|TAMS 0x000000008f600000, 0x000000008f600000| Complete 
| 159|0x000000008f700000, 0x000000008f800000, 0x000000008f800000|100%| E|CS|TAMS 0x000000008f700000, 0x000000008f700000| Complete 
| 160|0x000000008f800000, 0x000000008f900000, 0x000000008f900000|100%| E|CS|TAMS 0x000000008f800000, 0x000000008f800000| Complete 
|1958|0x00000000ffe00000, 0x00000000ffe47000, 0x00000000fff00000| 27%|OA|  |TAMS 0x00000000ffe47000, 0x00000000ffe00000| Untracked 
|1959|0x00000000fff00000, 0x00000000fff6b000, 0x0000000100000000| 41%|CA|  |TAMS 0x00000000fff6b000, 0x00000000fff00000| Untracked 

Card table byte_map: [0x00007f9ec6038000,0x00007f9ec640c000] _byte_map_base: 0x00007f9ec5c0c000

Marking Bits (Prev, Next): (CMBitMap*) 0x00007f9ec0057080, (CMBitMap*) 0x00007f9ec0057048
 Prev Bits: [0x00007f9ea02c0000, 0x00007f9ea2160000)
 Next Bits: [0x00007f9ea2160000, 0x00007f9ea4000000)

Polling page: 0x00007f9ec8841000

Metaspace:

Usage:
  Non-class:     21,23 MB capacity,    20,59 MB ( 97%) used,   537,73 KB (  2%) free+waste,   117,56 KB ( <1%) overhead. 
      Class:      3,58 MB capacity,     3,12 MB ( 87%) used,   406,49 KB ( 11%) free+waste,    60,69 KB (  2%) overhead. 
       Both:     24,80 MB capacity,    23,71 MB ( 96%) used,   944,22 KB (  4%) free+waste,   178,25 KB ( <1%) overhead. 

Virtual space:
  Non-class space:       22,00 MB reserved,      21,50 MB ( 98%) committed 
      Class space:        1,00 GB reserved,       3,62 MB ( <1%) committed 
             Both:        1,02 GB reserved,      25,12 MB (  2%) committed 

Chunk freelists:
   Non-Class:  30,00 KB
       Class:  19,00 KB
        Both:  49,00 KB

MaxMetaspaceSize: unlimited
CompressedClassSpaceSize: 1,00 GB
Initial GC threshold: 20,80 MB
Current GC threshold: 35,00 MB
CDS: on

CodeHeap 'non-profiled nmethods': size=238948Kb used=5119Kb max_used=5119Kb free=233828Kb
 bounds [0x00007f9ea8f06000, 0x00007f9ea9406000, 0x00007f9eb785f000]
CodeHeap 'non-nmethods': size=6812Kb used=1208Kb max_used=1208Kb free=5603Kb
 bounds [0x00007f9ea885f000, 0x00007f9ea8acf000, 0x00007f9ea8f06000]
 total_blobs=3815 nmethods=3334 adapters=409
 compilation: enabled
              stopped_count=0, restarted_count=0
 full_count=0

Compilation events (20 events):
Event: 2643,138 Thread 0x00007f9ec011c800 3325       1       java.util.Collections$3::hasMoreElements (10 bytes)
Event: 2643,138 Thread 0x00007f9ec011c800 nmethod 3325 0x00007f9ea9403110 code [0x00007f9ea94032c0, 0x00007f9ea94033c0]
Event: 2643,170 Thread 0x00007f9ec011c800 3326       1       java.lang.ModuleLayer::boot (4 bytes)
Event: 2643,171 Thread 0x00007f9ec011c800 nmethod 3326 0x00007f9ea9403490 code [0x00007f9ea9403640, 0x00007f9ea94036f0]
Event: 2643,171 Thread 0x00007f9ec011c800 3327       1       java.lang.StackTraceElement::<init> (10 bytes)
Event: 2643,171 Thread 0x00007f9ec011c800 nmethod 3327 0x00007f9ea9403790 code [0x00007f9ea9403940, 0x00007f9ea9403a10]
Event: 2643,171 Thread 0x00007f9ec011c800 3328  s!   1       java.lang.StackTraceElement::computeFormat (71 bytes)
Event: 2643,172 Thread 0x00007f9ec011c800 nmethod 3328 0x00007f9ea9403a90 code [0x00007f9ea9403c60, 0x00007f9ea94040f0]
Event: 2643,172 Thread 0x00007f9ec011c800 3329       1       java.lang.Module::getLayer (43 bytes)
Event: 2643,172 Thread 0x00007f9ec011c800 nmethod 3329 0x00007f9ea9404290 code [0x00007f9ea9404440, 0x00007f9ea94045c0]
Event: 2643,172 Thread 0x00007f9ec011c800 3330       1       java.lang.StackTraceElement::isHashedInJavaBase (31 bytes)
Event: 2643,172 Thread 0x00007f9ec011c800 nmethod 3330 0x00007f9ea9404690 code [0x00007f9ea9404860, 0x00007f9ea94049d0]
Event: 2643,194 Thread 0x00007f9ec011c800 3331       1       java.lang.invoke.ClassSpecializer$SpeciesData::getterFunctions (5 bytes)
Event: 2643,194 Thread 0x00007f9ec011c800 nmethod 3331 0x00007f9ea9404a90 code [0x00007f9ea9404c40, 0x00007f9ea9404d10]
Event: 2643,194 Thread 0x00007f9ec011c800 3332       1       jdk.internal.org.objectweb.asm.MethodWriter::startFrame (55 bytes)
Event: 2643,194 Thread 0x00007f9ec011c800 nmethod 3332 0x00007f9ea9404d90 code [0x00007f9ea9404f40, 0x00007f9ea94051d0]
Event: 2643,194 Thread 0x00007f9ec011c800 3333       1       jdk.internal.org.objectweb.asm.MethodWriter::endFrame (53 bytes)
Event: 2643,194 Thread 0x00007f9ec011c800 nmethod 3333 0x00007f9ea9405310 code [0x00007f9ea94054e0, 0x00007f9ea9405880]
Event: 2643,197 Thread 0x00007f9ec011c800 3334       1       java.util.HashMap::afterNodeRemoval (1 bytes)
Event: 2643,197 Thread 0x00007f9ec011c800 nmethod 3334 0x00007f9ea9405990 code [0x00007f9ea9405b40, 0x00007f9ea9405c10]

GC Heap History (10 events):
Event: 0,631 GC heap before
{Heap before GC invocations=0 (full 0):
 garbage-first heap   total 129024K, used 14024K [0x0000000085800000, 0x0000000100000000)
  region size 1024K, 14 young (14336K), 0 survivors (0K)
 Metaspace       used 3660K, capacity 6676K, committed 6912K, reserved 1056768K
  class space    used 452K, capacity 725K, committed 768K, reserved 1048576K
}
Event: 0,653 GC heap after
{Heap after GC invocations=1 (full 0):
 garbage-first heap   total 129024K, used 4036K [0x0000000085800000, 0x0000000100000000)
  region size 1024K, 2 young (2048K), 2 survivors (2048K)
 Metaspace       used 3660K, capacity 6676K, committed 6912K, reserved 1056768K
  class space    used 452K, capacity 725K, committed 768K, reserved 1048576K
}
Event: 0,983 GC heap before
{Heap before GC invocations=1 (full 0):
 garbage-first heap   total 129024K, used 15300K [0x0000000085800000, 0x0000000100000000)
  region size 1024K, 13 young (13312K), 2 survivors (2048K)
 Metaspace       used 6163K, capacity 8474K, committed 8576K, reserved 1056768K
  class space    used 844K, capacity 1082K, committed 1152K, reserved 1048576K
}
Event: 0,989 GC heap after
{Heap after GC invocations=2 (full 0):
 garbage-first heap   total 129024K, used 5076K [0x0000000085800000, 0x0000000100000000)
  region size 1024K, 1 young (1024K), 1 survivors (1024K)
 Metaspace       used 6163K, capacity 8474K, committed 8576K, reserved 1056768K
  class space    used 844K, capacity 1082K, committed 1152K, reserved 1048576K
}
Event: 1,326 GC heap before
{Heap before GC invocations=2 (full 0):
 garbage-first heap   total 129024K, used 33748K [0x0000000085800000, 0x0000000100000000)
  region size 1024K, 29 young (29696K), 1 survivors (1024K)
 Metaspace       used 12309K, capacity 14062K, committed 14208K, reserved 1060864K
  class space    used 1636K, capacity 1894K, committed 1920K, reserved 1048576K
}
Event: 1,331 GC heap after
{Heap after GC invocations=3 (full 0):
 garbage-first heap   total 129024K, used 6564K [0x0000000085800000, 0x0000000100000000)
  region size 1024K, 3 young (3072K), 3 survivors (3072K)
 Metaspace       used 12309K, capacity 14062K, committed 14208K, reserved 1060864K
  class space    used 1636K, capacity 1894K, committed 1920K, reserved 1048576K
}
Event: 1,995 GC heap before
{Heap before GC invocations=3 (full 0):
 garbage-first heap   total 129024K, used 48548K [0x0000000085800000, 0x0000000100000000)
  region size 1024K, 44 young (45056K), 3 survivors (3072K)
 Metaspace       used 18933K, capacity 19930K, committed 20352K, reserved 1067008K
  class space    used 2505K, capacity 2822K, committed 2944K, reserved 1048576K
}
Event: 2,005 GC heap after
{Heap after GC invocations=4 (full 0):
 garbage-first heap   total 129024K, used 9708K [0x0000000085800000, 0x0000000100000000)
  region size 1024K, 6 young (6144K), 6 survivors (6144K)
 Metaspace       used 18933K, capacity 19930K, committed 20352K, reserved 1067008K
  class space    used 2505K, capacity 2822K, committed 2944K, reserved 1048576K
}
Event: 2,146 GC heap before
{Heap before GC invocations=4 (full 0):
 garbage-first heap   total 129024K, used 19948K [0x0000000085800000, 0x0000000100000000)
  region size 1024K, 17 young (17408K), 6 survivors (6144K)
 Metaspace       used 20257K, capacity 21173K, committed 21248K, reserved 1067008K
  class space    used 2694K, capacity 3062K, committed 3072K, reserved 1048576K
}
Event: 2,162 GC heap after
{Heap after GC invocations=5 (full 0):
 garbage-first heap   total 166912K, used 10538K [0x0000000085800000, 0x0000000100000000)
  region size 1024K, 6 young (6144K), 6 survivors (6144K)
 Metaspace       used 20257K, capacity 21173K, committed 21248K, reserved 1067008K
  class space    used 2694K, capacity 3062K, committed 3072K, reserved 1048576K
}

Deoptimization events (0 events):
No events

Classes redefined (0 events):
No events

Internal exceptions (20 events):
Event: 2,050 Thread 0x00007f9ec0015800 Exception <a 'java/io/FileNotFoundException'{0x000000008cf2a3d0}> (0x000000008cf2a3d0) thrown at [./src/hotspot/share/prims/jni.cpp, line 615]
Event: 2,091 Thread 0x00007f9ec0015800 Exception <a 'java/lang/ClassNotFoundException'{0x000000008cc8b6d0}: java/lang/ObjectCustomizer> (0x000000008cc8b6d0) thrown at [./src/hotspot/share/classfile/systemDictionary.cpp, line 231]
Event: 2,091 Thread 0x00007f9ec0015800 Exception <a 'java/lang/ClassNotFoundException'{0x000000008cc95838}: org/springframework/web/servlet/config/annotation/WebMvcConfigurationSupportCustomizer> (0x000000008cc95838) thrown at [./src/hotspot/share/classfile/systemDictionary.cpp, line 231]
Event: 2,093 Thread 0x00007f9ec0015800 Exception <a 'java/lang/ClassNotFoundException'{0x000000008ccabe18}: org/springframework/web/servlet/config/annotation/DelegatingWebMvcConfigurationCustomizer> (0x000000008ccabe18) thrown at [./src/hotspot/share/classfile/systemDictionary.cpp, line 231]
Event: 2,093 Thread 0x00007f9ec0015800 Exception <a 'java/lang/ClassNotFoundException'{0x000000008ccb86a8}: org/springframework/boot/autoconfigure/web/servlet/WebMvcAutoConfiguration$EnableWebMvcConfigurationCustomizer> (0x000000008ccb86a8) thrown at [./src/hotspot/share/classfile/systemDictionary.cpp, line 231]
Event: 2,094 Thread 0x00007f9ec0015800 Exception <a 'java/lang/ClassNotFoundException'{0x000000008ccce7d0}: org/springframework/context/ResourceLoaderAwareCustomizer> (0x000000008ccce7d0) thrown at [./src/hotspot/share/classfile/systemDictionary.cpp, line 231]
Event: 2,095 Thread 0x00007f9ec0015800 Exception <a 'java/lang/ClassNotFoundException'{0x000000008ccd4bb0}: org/springframework/beans/factory/AwareCustomizer> (0x000000008ccd4bb0) thrown at [./src/hotspot/share/classfile/systemDictionary.cpp, line 231]
Event: 2,095 Thread 0x00007f9ec0015800 Exception <a 'java/lang/ClassNotFoundException'{0x000000008ccdac30}: org/springframework/context/ApplicationContextAwareCustomizer> (0x000000008ccdac30) thrown at [./src/hotspot/share/classfile/systemDictionary.cpp, line 231]
Event: 2,095 Thread 0x00007f9ec0015800 Exception <a 'java/lang/ClassNotFoundException'{0x000000008cce19b0}: org/springframework/beans/factory/AwareCustomizer> (0x000000008cce19b0) thrown at [./src/hotspot/share/classfile/systemDictionary.cpp, line 231]
Event: 2,095 Thread 0x00007f9ec0015800 Exception <a 'java/lang/ClassNotFoundException'{0x000000008cce7a08}: org/springframework/web/context/ServletContextAwareCustomizer> (0x000000008cce7a08) thrown at [./src/hotspot/share/classfile/systemDictionary.cpp, line 231]
Event: 2,095 Thread 0x00007f9ec0015800 Exception <a 'java/lang/ClassNotFoundException'{0x000000008ccee250}: org/springframework/beans/factory/AwareCustomizer> (0x000000008ccee250) thrown at [./src/hotspot/share/classfile/systemDictionary.cpp, line 231]
Event: 2,199 Thread 0x00007f9ec0015800 Exception <a 'java/lang/NoSuchMethodError'{0x000000008f649ec8}: 'void java.lang.invoke.DirectMethodHandle$Holder.invokeVirtual(java.lang.Object, java.lang.Object, int)'> (0x000000008f649ec8) thrown at [./src/hotspot/share/interpreter/linkResolver.cpp, line 772]
Event: 2,200 Thread 0x00007f9ec0015800 Exception <a 'java/lang/NoSuchMethodError'{0x000000008f663d60}: 'void java.lang.invoke.DirectMethodHandle$Holder.invokeVirtual(java.lang.Object, java.lang.Object, long)'> (0x000000008f663d60) thrown at [./src/hotspot/share/interpreter/linkResolver.cpp, line 772]
Event: 2,254 Thread 0x00007f9ec0015800 Exception <a 'java/lang/IncompatibleClassChangeError'{0x000000008f15f438}: Found class java.lang.Object, but interface was expected> (0x000000008f15f438) thrown at [./src/hotspot/share/interpreter/linkResolver.cpp, line 839]
Event: 2,271 Thread 0x00007f9ec0015800 Exception <a 'java/lang/NoSuchMethodError'{0x000000008f0a2280}: 'int java.lang.invoke.DirectMethodHandle$Holder.invokeStaticInit(java.lang.Object, java.lang.Object, java.lang.Object, java.lang.Object)'> (0x000000008f0a2280) thrown at [./src/hotspot/share/interpreter/linkResolver.cpp, line 772]
Event: 2,293 Thread 0x00007f9ec0015800 Exception <a 'java/lang/NoSuchMethodError'{0x000000008ee3e798}: 'java.lang.Object java.lang.invoke.DirectMethodHandle$Holder.invokeSpecial(java.lang.Object, java.lang.Object, int, java.lang.Object, int, java.lang.Object)'> (0x000000008ee3e798) thrown at [./src/hotspot/share/interpreter/linkResolver.cpp, line 772]
Event: 2,294 Thread 0x00007f9ec0015800 Exception <a 'java/lang/NoSuchMethodError'{0x000000008ee45c80}: 'java.lang.Object java.lang.invoke.DirectMethodHandle$Holder.invokeStatic(java.lang.Object, java.lang.Object, int, java.lang.Object, int)'> (0x000000008ee45c80) thrown at [./src/hotspot/share/interpreter/linkResolver.cpp, line 772]
Event: 2,294 Thread 0x00007f9ec0015800 Exception <a 'java/lang/NoSuchMethodError'{0x000000008ee49460}: 'java.lang.Object java.lang.invoke.DirectMethodHandle$Holder.invokeSpecial(java.lang.Object, java.lang.Object, java.lang.Object, int, java.lang.Object, int)'> (0x000000008ee49460) thrown at [./src/hotspot/share/interpreter/linkResolver.cpp, line 772]
Event: 2,294 Thread 0x00007f9ec0015800 Exception <a 'java/lang/NoSuchMethodError'{0x000000008ee53d40}: 'void java.lang.invoke.DirectMethodHandle$Holder.invokeVirtual(java.lang.Object, java.lang.Object)'> (0x000000008ee53d40) thrown at [./src/hotspot/share/interpreter/linkResolver.cpp, line 772]
Event: 60,675 Thread 0x00007f9e4c004000 Exception <a 'java/lang/NoClassDefFoundError'{0x000000008e911170}: sun/reflect/Reflection> (0x000000008e911170) thrown at [./src/hotspot/share/classfile/systemDictionary.cpp, line 220]

Events (20 events):
Event: 2643,197 Thread 0x00007f9e4c00d800 Thread exited: 0x00007f9e4c00d800
Event: 2643,197 Thread 0x00007f9e4c009800 Thread exited: 0x00007f9e4c009800
Event: 2643,197 Executing VM operation: RevokeBias
Event: 2643,197 Executing coalesced safepoint VM operation: RevokeBias
Event: 2643,197 Executing coalesced safepoint VM operation: RevokeBias done
Event: 2643,197 Executing coalesced safepoint VM operation: RevokeBias
Event: 2643,197 Executing coalesced safepoint VM operation: RevokeBias done
Event: 2643,197 Executing coalesced safepoint VM operation: RevokeBias
Event: 2643,197 Executing coalesced safepoint VM operation: RevokeBias done
Event: 2643,197 Executing coalesced safepoint VM operation: RevokeBias
Event: 2643,197 Executing coalesced safepoint VM operation: RevokeBias done
Event: 2643,197 Executing VM operation: RevokeBias done
Event: 2643,197 Thread 0x00007f9e4c00f000 Thread exited: 0x00007f9e4c00f000
Event: 2643,197 Thread 0x00007f9e4c004000 Thread exited: 0x00007f9e4c004000
Event: 2643,197 Thread 0x00007f9e4c00b800 Thread exited: 0x00007f9e4c00b800
Event: 2643,197 Executing VM operation: RevokeBias
Event: 2643,197 Executing coalesced safepoint VM operation: RevokeBias
Event: 2643,197 Executing coalesced safepoint VM operation: RevokeBias done
Event: 2643,197 Executing VM operation: RevokeBias done
Event: 2643,197 Thread 0x00007f9e4c002000 Thread exited: 0x00007f9e4c002000


Dynamic libraries:
85800000-8f900000 rw-p 00000000 00:00 0 
8f900000-ffe00000 ---p 00000000 00:00 0 
ffe00000-ffe47000 rw-p 01113000 08:09 1577735                            /usr/lib/jvm/java-11-openjdk-amd64/lib/server/classes.jsa
ffe47000-fff00000 rw-p 00000000 00:00 0 
fff00000-fff6b000 rw-p 010a8000 08:09 1577735                            /usr/lib/jvm/java-11-openjdk-amd64/lib/server/classes.jsa
fff6b000-100000000 rw-p 00000000 00:00 0 
800000000-800002000 rwxp 00001000 08:09 1577735                          /usr/lib/jvm/java-11-openjdk-amd64/lib/server/classes.jsa
800002000-8003b9000 rw-p 00003000 08:09 1577735                          /usr/lib/jvm/java-11-openjdk-amd64/lib/server/classes.jsa
8003b9000-800a97000 r--p 003ba000 08:09 1577735                          /usr/lib/jvm/java-11-openjdk-amd64/lib/server/classes.jsa
800a97000-800a98000 rw-p 00a98000 08:09 1577735                          /usr/lib/jvm/java-11-openjdk-amd64/lib/server/classes.jsa
800a98000-8010a7000 r--p 00a99000 08:09 1577735                          /usr/lib/jvm/java-11-openjdk-amd64/lib/server/classes.jsa
840000000-8403a0000 rw-p 00000000 00:00 0 
8403a0000-880000000 ---p 00000000 00:00 0 
5646ab813000-5646ab814000 r--p 00000000 08:09 1190912                    /usr/lib/jvm/java-11-openjdk-amd64/bin/java
5646ab814000-5646ab815000 r-xp 00001000 08:09 1190912                    /usr/lib/jvm/java-11-openjdk-amd64/bin/java
5646ab815000-5646ab816000 r--p 00002000 08:09 1190912                    /usr/lib/jvm/java-11-openjdk-amd64/bin/java
5646ab816000-5646ab817000 r--p 00002000 08:09 1190912                    /usr/lib/jvm/java-11-openjdk-amd64/bin/java
5646ab817000-5646ab818000 rw-p 00003000 08:09 1190912                    /usr/lib/jvm/java-11-openjdk-amd64/bin/java
5646ad1b5000-5646ad1d6000 rw-p 00000000 00:00 0                          [heap]
7f9e24000000-7f9e24021000 rw-p 00000000 00:00 0 
7f9e24021000-7f9e28000000 ---p 00000000 00:00 0 
7f9e28000000-7f9e2804e000 rw-p 00000000 00:00 0 
7f9e2804e000-7f9e2c000000 ---p 00000000 00:00 0 
7f9e2f900000-7f9e2f904000 ---p 00000000 00:00 0 
7f9e2f904000-7f9e2fa00000 rw-p 00000000 00:00 0 
7f9e2fa00000-7f9e2fa04000 ---p 00000000 00:00 0 
7f9e2fa04000-7f9e2fb00000 rw-p 00000000 00:00 0 
7f9e2fb00000-7f9e2fb04000 ---p 00000000 00:00 0 
7f9e2fb04000-7f9e2fc00000 rw-p 00000000 00:00 0 
7f9e2fc00000-7f9e2fc04000 ---p 00000000 00:00 0 
7f9e2fc04000-7f9e2fd00000 rw-p 00000000 00:00 0 
7f9e2fd00000-7f9e2fd04000 ---p 00000000 00:00 0 
7f9e2fd04000-7f9e2fe00000 rw-p 00000000 00:00 0 
7f9e2fe00000-7f9e2fe04000 ---p 00000000 00:00 0 
7f9e2fe04000-7f9e2ff00000 rw-p 00000000 00:00 0 
7f9e2ff00000-7f9e2ff04000 ---p 00000000 00:00 0 
7f9e2ff04000-7f9e30000000 rw-p 00000000 00:00 0 
7f9e30000000-7f9e30021000 rw-p 00000000 00:00 0 
7f9e30021000-7f9e34000000 ---p 00000000 00:00 0 
7f9e34000000-7f9e34021000 rw-p 00000000 00:00 0 
7f9e34021000-7f9e38000000 ---p 00000000 00:00 0 
7f9e38000000-7f9e3802f000 rw-p 00000000 00:00 0 
7f9e3802f000-7f9e3c000000 ---p 00000000 00:00 0 
7f9e3c000000-7f9e3c022000 rw-p 00000000 00:00 0 
7f9e3c022000-7f9e40000000 ---p 00000000 00:00 0 
7f9e40000000-7f9e40021000 rw-p 00000000 00:00 0 
7f9e40021000-7f9e44000000 ---p 00000000 00:00 0 
7f9e44000000-7f9e44021000 rw-p 00000000 00:00 0 
7f9e44021000-7f9e48000000 ---p 00000000 00:00 0 
7f9e48000000-7f9e48021000 rw-p 00000000 00:00 0 
7f9e48021000-7f9e4c000000 ---p 00000000 00:00 0 
7f9e4c000000-7f9e4c021000 rw-p 00000000 00:00 0 
7f9e4c021000-7f9e50000000 ---p 00000000 00:00 0 
7f9e50000000-7f9e50021000 rw-p 00000000 00:00 0 
7f9e50021000-7f9e54000000 ---p 00000000 00:00 0 
7f9e54000000-7f9e54021000 rw-p 00000000 00:00 0 
7f9e54021000-7f9e58000000 ---p 00000000 00:00 0 
7f9e58000000-7f9e58021000 rw-p 00000000 00:00 0 
7f9e58021000-7f9e5c000000 ---p 00000000 00:00 0 
7f9e5c000000-7f9e5c145000 rw-p 00000000 00:00 0 
7f9e5c145000-7f9e60000000 ---p 00000000 00:00 0 
7f9e60000000-7f9e60021000 rw-p 00000000 00:00 0 
7f9e60021000-7f9e64000000 ---p 00000000 00:00 0 
7f9e64000000-7f9e64021000 rw-p 00000000 00:00 0 
7f9e64021000-7f9e68000000 ---p 00000000 00:00 0 
7f9e68000000-7f9e68021000 rw-p 00000000 00:00 0 
7f9e68021000-7f9e6c000000 ---p 00000000 00:00 0 
7f9e6c000000-7f9e6c021000 rw-p 00000000 00:00 0 
7f9e6c021000-7f9e70000000 ---p 00000000 00:00 0 
7f9e70000000-7f9e70256000 rw-p 00000000 00:00 0 
7f9e70256000-7f9e74000000 ---p 00000000 00:00 0 
7f9e74000000-7f9e74021000 rw-p 00000000 00:00 0 
7f9e74021000-7f9e78000000 ---p 00000000 00:00 0 
7f9e78000000-7f9e78021000 rw-p 00000000 00:00 0 
7f9e78021000-7f9e7c000000 ---p 00000000 00:00 0 
7f9e7c000000-7f9e7c021000 rw-p 00000000 00:00 0 
7f9e7c021000-7f9e80000000 ---p 00000000 00:00 0 
7f9e80000000-7f9e80021000 rw-p 00000000 00:00 0 
7f9e80021000-7f9e84000000 ---p 00000000 00:00 0 
7f9e84000000-7f9e84021000 rw-p 00000000 00:00 0 
7f9e84021000-7f9e88000000 ---p 00000000 00:00 0 
7f9e88000000-7f9e88021000 rw-p 00000000 00:00 0 
7f9e88021000-7f9e8c000000 ---p 00000000 00:00 0 
7f9e8c000000-7f9e8c080000 rw-p 00000000 00:00 0 
7f9e8c080000-7f9e90000000 ---p 00000000 00:00 0 
7f9e90000000-7f9e90021000 rw-p 00000000 00:00 0 
7f9e90021000-7f9e94000000 ---p 00000000 00:00 0 
7f9e94000000-7f9e94021000 rw-p 00000000 00:00 0 
7f9e94021000-7f9e98000000 ---p 00000000 00:00 0 
7f9e9801e000-7f9e98022000 ---p 00000000 00:00 0 
7f9e98022000-7f9e9811e000 rw-p 00000000 00:00 0 
7f9e9811e000-7f9e98122000 ---p 00000000 00:00 0 
7f9e98122000-7f9e9821e000 rw-p 00000000 00:00 0 
7f9e9821e000-7f9e98222000 ---p 00000000 00:00 0 
7f9e98222000-7f9e9831e000 rw-p 00000000 00:00 0 
7f9e9831e000-7f9e98322000 ---p 00000000 00:00 0 
7f9e98322000-7f9e9859e000 rw-p 00000000 00:00 0 
7f9e9859e000-7f9e98622000 ---p 00000000 00:00 0 
7f9e98622000-7f9e9871e000 rw-p 00000000 00:00 0 
7f9e9871e000-7f9e98722000 ---p 00000000 00:00 0 
7f9e98722000-7f9e9881e000 rw-p 00000000 00:00 0 
7f9e9881e000-7f9e98822000 ---p 00000000 00:00 0 
7f9e98822000-7f9e9891e000 rw-p 00000000 00:00 0 
7f9e9891e000-7f9e98922000 ---p 00000000 00:00 0 
7f9e98922000-7f9e98c1e000 rw-p 00000000 00:00 0 
7f9e98c1e000-7f9e98c22000 ---p 00000000 00:00 0 
7f9e98c22000-7f9e98d1e000 rw-p 00000000 00:00 0 
7f9e98d1e000-7f9e98d22000 ---p 00000000 00:00 0 
7f9e98d22000-7f9e9901e000 rw-p 00000000 00:00 0 
7f9e9901e000-7f9e9921e000 rw-p 00000000 00:00 0 
7f9e9921e000-7f9e9a000000 r--p 00000000 08:09 660866                     /usr/lib/locale/locale-archive
7f9e9a000000-7f9e9c000000 rw-p 00000000 00:00 0 
7f9e9c000000-7f9e9c021000 rw-p 00000000 00:00 0 
7f9e9c021000-7f9ea0000000 ---p 00000000 00:00 0 
7f9ea00c0000-7f9ea0544000 rw-p 00000000 00:00 0 
7f9ea0544000-7f9ea2158000 ---p 00000000 00:00 0 
7f9ea2158000-7f9ea23e4000 rw-p 00000000 00:00 0 
7f9ea23e4000-7f9ea3ff8000 ---p 00000000 00:00 0 
7f9ea3ff8000-7f9ea4000000 rw-p 00000000 00:00 0 
7f9ea4000000-7f9ea4021000 rw-p 00000000 00:00 0 
7f9ea4021000-7f9ea8000000 ---p 00000000 00:00 0 
7f9ea8059000-7f9ea805a000 ---p 00000000 00:00 0 
7f9ea805a000-7f9ea835b000 rw-p 00000000 00:00 0 
7f9ea835b000-7f9ea855b000 rw-p 00000000 00:00 0 
7f9ea855b000-7f9ea855f000 ---p 00000000 00:00 0 
7f9ea855f000-7f9ea865b000 rw-p 00000000 00:00 0 
7f9ea865b000-7f9ea865c000 ---p 00000000 00:00 0 
7f9ea865c000-7f9ea875d000 rw-p 00000000 00:00 0 
7f9ea875d000-7f9ea875e000 ---p 00000000 00:00 0 
7f9ea875e000-7f9ea885f000 rw-p 00000000 00:00 0 
7f9ea885f000-7f9ea8acf000 rwxp 00000000 00:00 0 
7f9ea8acf000-7f9ea8f06000 ---p 00000000 00:00 0 
7f9ea8f06000-7f9ea9406000 rwxp 00000000 00:00 0 
7f9ea9406000-7f9eb785f000 ---p 00000000 00:00 0 
7f9eb785f000-7f9ec0000000 r--s 00000000 08:09 1450608                    /usr/lib/jvm/java-11-openjdk-amd64/lib/modules
7f9ec0000000-7f9ec0b57000 rw-p 00000000 00:00 0 
7f9ec0b57000-7f9ec4000000 ---p 00000000 00:00 0 
7f9ec4056000-7f9ec4057000 r--p 00000000 08:09 1449411                    /usr/lib/jvm/java-11-openjdk-amd64/lib/libextnet.so
7f9ec4057000-7f9ec4058000 r-xp 00001000 08:09 1449411                    /usr/lib/jvm/java-11-openjdk-amd64/lib/libextnet.so
7f9ec4058000-7f9ec4059000 r--p 00002000 08:09 1449411                    /usr/lib/jvm/java-11-openjdk-amd64/lib/libextnet.so
7f9ec4059000-7f9ec405a000 r--p 00002000 08:09 1449411                    /usr/lib/jvm/java-11-openjdk-amd64/lib/libextnet.so
7f9ec405a000-7f9ec405b000 rw-p 00003000 08:09 1449411                    /usr/lib/jvm/java-11-openjdk-amd64/lib/libextnet.so
7f9ec405b000-7f9ec405d000 r--p 00000000 08:09 1449516                    /usr/lib/jvm/java-11-openjdk-amd64/lib/libmanagement_ext.so
7f9ec405d000-7f9ec4060000 r-xp 00002000 08:09 1449516                    /usr/lib/jvm/java-11-openjdk-amd64/lib/libmanagement_ext.so
7f9ec4060000-7f9ec4061000 r--p 00005000 08:09 1449516                    /usr/lib/jvm/java-11-openjdk-amd64/lib/libmanagement_ext.so
7f9ec4061000-7f9ec4062000 ---p 00006000 08:09 1449516                    /usr/lib/jvm/java-11-openjdk-amd64/lib/libmanagement_ext.so
7f9ec4062000-7f9ec4063000 r--p 00006000 08:09 1449516                    /usr/lib/jvm/java-11-openjdk-amd64/lib/libmanagement_ext.so
7f9ec4063000-7f9ec4064000 rw-p 00007000 08:09 1449516                    /usr/lib/jvm/java-11-openjdk-amd64/lib/libmanagement_ext.so
7f9ec4064000-7f9ec4067000 r--p 00000000 08:09 1449514                    /usr/lib/jvm/java-11-openjdk-amd64/lib/libmanagement.so
7f9ec4067000-7f9ec4068000 r-xp 00003000 08:09 1449514                    /usr/lib/jvm/java-11-openjdk-amd64/lib/libmanagement.so
7f9ec4068000-7f9ec4069000 r--p 00004000 08:09 1449514                    /usr/lib/jvm/java-11-openjdk-amd64/lib/libmanagement.so
7f9ec4069000-7f9ec406a000 r--p 00004000 08:09 1449514                    /usr/lib/jvm/java-11-openjdk-amd64/lib/libmanagement.so
7f9ec406a000-7f9ec406b000 rw-p 00005000 08:09 1449514                    /usr/lib/jvm/java-11-openjdk-amd64/lib/libmanagement.so
7f9ec406b000-7f9ec406c000 ---p 00000000 00:00 0 
7f9ec406c000-7f9ec419e000 rw-p 00000000 00:00 0 
7f9ec419e000-7f9ec41a2000 r--p 00000000 08:09 1450598                    /usr/lib/jvm/java-11-openjdk-amd64/lib/libnet.so
7f9ec41a2000-7f9ec41b2000 r-xp 00004000 08:09 1450598                    /usr/lib/jvm/java-11-openjdk-amd64/lib/libnet.so
7f9ec41b2000-7f9ec41b6000 r--p 00014000 08:09 1450598                    /usr/lib/jvm/java-11-openjdk-amd64/lib/libnet.so
7f9ec41b6000-7f9ec41b7000 r--p 00017000 08:09 1450598                    /usr/lib/jvm/java-11-openjdk-amd64/lib/libnet.so
7f9ec41b7000-7f9ec41b8000 rw-p 00018000 08:09 1450598                    /usr/lib/jvm/java-11-openjdk-amd64/lib/libnet.so
7f9ec41b8000-7f9ec41bf000 r--p 00000000 08:09 1450599                    /usr/lib/jvm/java-11-openjdk-amd64/lib/libnio.so
7f9ec41bf000-7f9ec41c7000 r-xp 00007000 08:09 1450599                    /usr/lib/jvm/java-11-openjdk-amd64/lib/libnio.so
7f9ec41c7000-7f9ec41ca000 r--p 0000f000 08:09 1450599                    /usr/lib/jvm/java-11-openjdk-amd64/lib/libnio.so
7f9ec41ca000-7f9ec41cb000 r--p 00011000 08:09 1450599                    /usr/lib/jvm/java-11-openjdk-amd64/lib/libnio.so
7f9ec41cb000-7f9ec41cc000 rw-p 00012000 08:09 1450599                    /usr/lib/jvm/java-11-openjdk-amd64/lib/libnio.so
7f9ec41cc000-7f9ec41d0000 ---p 00000000 00:00 0 
7f9ec41d0000-7f9ec42cc000 rw-p 00000000 00:00 0 
7f9ec42cc000-7f9ec42cd000 ---p 00000000 00:00 0 
7f9ec42cd000-7f9ec43ce000 rw-p 00000000 00:00 0 
7f9ec43ce000-7f9ec43d2000 ---p 00000000 00:00 0 
7f9ec43d2000-7f9ec44ce000 rw-p 00000000 00:00 0 
7f9ec44ce000-7f9ec44d2000 ---p 00000000 00:00 0 
7f9ec44d2000-7f9ec45ce000 rw-p 00000000 00:00 0 
7f9ec45ce000-7f9ec45d2000 ---p 00000000 00:00 0 
7f9ec45d2000-7f9ec46ce000 rw-p 00000000 00:00 0 
7f9ec46ce000-7f9ec46d2000 ---p 00000000 00:00 0 
7f9ec46d2000-7f9ec47ce000 rw-p 00000000 00:00 0 
7f9ec47ce000-7f9ec47d2000 ---p 00000000 00:00 0 
7f9ec47d2000-7f9ec48ce000 rw-p 00000000 00:00 0 
7f9ec48ce000-7f9ec48d2000 ---p 00000000 00:00 0 
7f9ec48d2000-7f9ec49ce000 rw-p 00000000 00:00 0 
7f9ec49ce000-7f9ec49cf000 ---p 00000000 00:00 0 
7f9ec49cf000-7f9ec53d4000 rw-p 00000000 00:00 0 
7f9ec53d4000-7f9ec5416000 rw-p 00000000 00:00 0 
7f9ec5416000-7f9ec5417000 ---p 00000000 00:00 0 
7f9ec5417000-7f9ec5518000 rw-p 00000000 00:00 0 
7f9ec5518000-7f9ec5519000 ---p 00000000 00:00 0 
7f9ec5519000-7f9ec5a1e000 rw-p 00000000 00:00 0 
7f9ec5a1e000-7f9ec5a1f000 ---p 00000000 00:00 0 
7f9ec5a1f000-7f9ec5b20000 rw-p 00000000 00:00 0 
7f9ec5b20000-7f9ec5b21000 ---p 00000000 00:00 0 
7f9ec5b21000-7f9ec5cb5000 rw-p 00000000 00:00 0 
7f9ec5cb5000-7f9ec6037000 ---p 00000000 00:00 0 
7f9ec6037000-7f9ec6089000 rw-p 00000000 00:00 0 
7f9ec6089000-7f9ec640b000 ---p 00000000 00:00 0 
7f9ec640b000-7f9ec645d000 rw-p 00000000 00:00 0 
7f9ec645d000-7f9ec67df000 ---p 00000000 00:00 0 
7f9ec67df000-7f9ec6be4000 rw-p 00000000 00:00 0 
7f9ec6be4000-7f9ec6be5000 ---p 00000000 00:00 0 
7f9ec6be5000-7f9ec6cf0000 rw-p 00000000 00:00 0 
7f9ec6cf0000-7f9ec6eb9000 ---p 00000000 00:00 0 
7f9ec6eb9000-7f9ec6ebe000 rw-p 00000000 00:00 0 
7f9ec6ebe000-7f9ec6ec7000 ---p 00000000 00:00 0 
7f9ec6ec7000-7f9ec6ec9000 r--p 00000000 08:09 1450607                    /usr/lib/jvm/java-11-openjdk-amd64/lib/libzip.so
7f9ec6ec9000-7f9ec6ecd000 r-xp 00002000 08:09 1450607                    /usr/lib/jvm/java-11-openjdk-amd64/lib/libzip.so
7f9ec6ecd000-7f9ec6ecf000 r--p 00006000 08:09 1450607                    /usr/lib/jvm/java-11-openjdk-amd64/lib/libzip.so
7f9ec6ecf000-7f9ec6ed0000 r--p 00007000 08:09 1450607                    /usr/lib/jvm/java-11-openjdk-amd64/lib/libzip.so
7f9ec6ed0000-7f9ec6ed1000 rw-p 00008000 08:09 1450607                    /usr/lib/jvm/java-11-openjdk-amd64/lib/libzip.so
7f9ec6ed1000-7f9ec6ed9000 rw-s 00000000 08:09 1185902                    /tmp/hsperfdata_alexandre/24300
7f9ec6ed9000-7f9ec6ee6000 r--p 00000000 08:09 1449418                    /usr/lib/jvm/java-11-openjdk-amd64/lib/libjava.so
7f9ec6ee6000-7f9ec6efc000 r-xp 0000d000 08:09 1449418                    /usr/lib/jvm/java-11-openjdk-amd64/lib/libjava.so
7f9ec6efc000-7f9ec6f03000 r--p 00023000 08:09 1449418                    /usr/lib/jvm/java-11-openjdk-amd64/lib/libjava.so
7f9ec6f03000-7f9ec6f04000 r--p 00029000 08:09 1449418                    /usr/lib/jvm/java-11-openjdk-amd64/lib/libjava.so
7f9ec6f04000-7f9ec6f05000 rw-p 0002a000 08:09 1449418                    /usr/lib/jvm/java-11-openjdk-amd64/lib/libjava.so
7f9ec6f05000-7f9ec6f06000 rw-p 00000000 00:00 0 
7f9ec6f06000-7f9ec6f0b000 r--p 00000000 08:09 1450606                    /usr/lib/jvm/java-11-openjdk-amd64/lib/libverify.so
7f9ec6f0b000-7f9ec6f12000 r-xp 00005000 08:09 1450606                    /usr/lib/jvm/java-11-openjdk-amd64/lib/libverify.so
7f9ec6f12000-7f9ec6f14000 r--p 0000c000 08:09 1450606                    /usr/lib/jvm/java-11-openjdk-amd64/lib/libverify.so
7f9ec6f14000-7f9ec6f15000 ---p 0000e000 08:09 1450606                    /usr/lib/jvm/java-11-openjdk-amd64/lib/libverify.so
7f9ec6f15000-7f9ec6f17000 r--p 0000e000 08:09 1450606                    /usr/lib/jvm/java-11-openjdk-amd64/lib/libverify.so
7f9ec6f17000-7f9ec6f18000 rw-p 00010000 08:09 1450606                    /usr/lib/jvm/java-11-openjdk-amd64/lib/libverify.so
7f9ec6f18000-7f9ec6f19000 r--p 00000000 08:09 663503                     /usr/lib/x86_64-linux-gnu/librt.so.1
7f9ec6f19000-7f9ec6f1a000 r-xp 00001000 08:09 663503                     /usr/lib/x86_64-linux-gnu/librt.so.1
7f9ec6f1a000-7f9ec6f1b000 r--p 00002000 08:09 663503                     /usr/lib/x86_64-linux-gnu/librt.so.1
7f9ec6f1b000-7f9ec6f1c000 r--p 00002000 08:09 663503                     /usr/lib/x86_64-linux-gnu/librt.so.1
7f9ec6f1c000-7f9ec6f1d000 rw-p 00003000 08:09 663503                     /usr/lib/x86_64-linux-gnu/librt.so.1
7f9ec6f1d000-7f9ec6f21000 ---p 00000000 00:00 0 
7f9ec6f21000-7f9ec701d000 rw-p 00000000 00:00 0 
7f9ec701d000-7f9ec7020000 r--p 00000000 08:09 662835                     /usr/lib/x86_64-linux-gnu/libgcc_s.so.1
7f9ec7020000-7f9ec7032000 r-xp 00003000 08:09 662835                     /usr/lib/x86_64-linux-gnu/libgcc_s.so.1
7f9ec7032000-7f9ec7035000 r--p 00015000 08:09 662835                     /usr/lib/x86_64-linux-gnu/libgcc_s.so.1
7f9ec7035000-7f9ec7036000 r--p 00017000 08:09 662835                     /usr/lib/x86_64-linux-gnu/libgcc_s.so.1
7f9ec7036000-7f9ec7037000 rw-p 00018000 08:09 662835                     /usr/lib/x86_64-linux-gnu/libgcc_s.so.1
7f9ec7037000-7f9ec7046000 r--p 00000000 08:09 663181                     /usr/lib/x86_64-linux-gnu/libm.so.6
7f9ec7046000-7f9ec70c0000 r-xp 0000f000 08:09 663181                     /usr/lib/x86_64-linux-gnu/libm.so.6
7f9ec70c0000-7f9ec7118000 r--p 00089000 08:09 663181                     /usr/lib/x86_64-linux-gnu/libm.so.6
7f9ec7118000-7f9ec7119000 ---p 000e1000 08:09 663181                     /usr/lib/x86_64-linux-gnu/libm.so.6
7f9ec7119000-7f9ec711a000 r--p 000e1000 08:09 663181                     /usr/lib/x86_64-linux-gnu/libm.so.6
7f9ec711a000-7f9ec711b000 rw-p 000e2000 08:09 663181                     /usr/lib/x86_64-linux-gnu/libm.so.6
7f9ec711b000-7f9ec71b4000 r--p 00000000 08:09 663612                     /usr/lib/x86_64-linux-gnu/libstdc++.so.6.0.29
7f9ec71b4000-7f9ec72b7000 r-xp 00099000 08:09 663612                     /usr/lib/x86_64-linux-gnu/libstdc++.so.6.0.29
7f9ec72b7000-7f9ec7323000 r--p 0019c000 08:09 663612                     /usr/lib/x86_64-linux-gnu/libstdc++.so.6.0.29
7f9ec7323000-7f9ec732e000 r--p 00207000 08:09 663612                     /usr/lib/x86_64-linux-gnu/libstdc++.so.6.0.29
7f9ec732e000-7f9ec7331000 rw-p 00212000 08:09 663612                     /usr/lib/x86_64-linux-gnu/libstdc++.so.6.0.29
7f9ec7331000-7f9ec7334000 rw-p 00000000 00:00 0 
7f9ec7334000-7f9ec75b5000 r--p 00000000 08:09 1577654                    /usr/lib/jvm/java-11-openjdk-amd64/lib/server/libjvm.so
7f9ec75b5000-7f9ec8242000 r-xp 00281000 08:09 1577654                    /usr/lib/jvm/java-11-openjdk-amd64/lib/server/libjvm.so
7f9ec8242000-7f9ec849f000 r--p 00f0e000 08:09 1577654                    /usr/lib/jvm/java-11-openjdk-amd64/lib/server/libjvm.so
7f9ec849f000-7f9ec84a0000 ---p 0116b000 08:09 1577654                    /usr/lib/jvm/java-11-openjdk-amd64/lib/server/libjvm.so
7f9ec84a0000-7f9ec8563000 r--p 0116b000 08:09 1577654                    /usr/lib/jvm/java-11-openjdk-amd64/lib/server/libjvm.so
7f9ec8563000-7f9ec859e000 rw-p 0122e000 08:09 1577654                    /usr/lib/jvm/java-11-openjdk-amd64/lib/server/libjvm.so
7f9ec859e000-7f9ec85f8000 rw-p 00000000 00:00 0 
7f9ec85f8000-7f9ec85fa000 r--p 00000000 08:09 663879                     /usr/lib/x86_64-linux-gnu/libz.so.1.2.11
7f9ec85fa000-7f9ec860b000 r-xp 00002000 08:09 663879                     /usr/lib/x86_64-linux-gnu/libz.so.1.2.11
7f9ec860b000-7f9ec8611000 r--p 00013000 08:09 663879                     /usr/lib/x86_64-linux-gnu/libz.so.1.2.11
7f9ec8611000-7f9ec8612000 ---p 00019000 08:09 663879                     /usr/lib/x86_64-linux-gnu/libz.so.1.2.11
7f9ec8612000-7f9ec8613000 r--p 00019000 08:09 663879                     /usr/lib/x86_64-linux-gnu/libz.so.1.2.11
7f9ec8613000-7f9ec8614000 rw-p 0001a000 08:09 663879                     /usr/lib/x86_64-linux-gnu/libz.so.1.2.11
7f9ec8614000-7f9ec8640000 r--p 00000000 08:09 662535                     /usr/lib/x86_64-linux-gnu/libc.so.6
7f9ec8640000-7f9ec87d4000 r-xp 0002c000 08:09 662535                     /usr/lib/x86_64-linux-gnu/libc.so.6
7f9ec87d4000-7f9ec8828000 r--p 001c0000 08:09 662535                     /usr/lib/x86_64-linux-gnu/libc.so.6
7f9ec8828000-7f9ec8829000 ---p 00214000 08:09 662535                     /usr/lib/x86_64-linux-gnu/libc.so.6
7f9ec8829000-7f9ec882c000 r--p 00214000 08:09 662535                     /usr/lib/x86_64-linux-gnu/libc.so.6
7f9ec882c000-7f9ec882f000 rw-p 00217000 08:09 662535                     /usr/lib/x86_64-linux-gnu/libc.so.6
7f9ec882f000-7f9ec883c000 rw-p 00000000 00:00 0 
7f9ec883f000-7f9ec8841000 r--s 0000c000 08:09 1320593                    /usr/share/java/java-atk-wrapper.jar
7f9ec8841000-7f9ec8842000 ---p 00000000 00:00 0 
7f9ec8842000-7f9ec8843000 r--p 00000000 00:00 0 
7f9ec8843000-7f9ec8845000 r--p 00000000 08:09 1449421                    /usr/lib/jvm/java-11-openjdk-amd64/lib/libjimage.so
7f9ec8845000-7f9ec8848000 r-xp 00002000 08:09 1449421                    /usr/lib/jvm/java-11-openjdk-amd64/lib/libjimage.so
7f9ec8848000-7f9ec8849000 r--p 00005000 08:09 1449421                    /usr/lib/jvm/java-11-openjdk-amd64/lib/libjimage.so
7f9ec8849000-7f9ec884a000 ---p 00006000 08:09 1449421                    /usr/lib/jvm/java-11-openjdk-amd64/lib/libjimage.so
7f9ec884a000-7f9ec884b000 r--p 00006000 08:09 1449421                    /usr/lib/jvm/java-11-openjdk-amd64/lib/libjimage.so
7f9ec884b000-7f9ec884c000 rw-p 00007000 08:09 1449421                    /usr/lib/jvm/java-11-openjdk-amd64/lib/libjimage.so
7f9ec884c000-7f9ec884f000 r--p 00000000 08:09 1449403                    /usr/lib/jvm/java-11-openjdk-amd64/lib/jli/libjli.so
7f9ec884f000-7f9ec8859000 r-xp 00003000 08:09 1449403                    /usr/lib/jvm/java-11-openjdk-amd64/lib/jli/libjli.so
7f9ec8859000-7f9ec885c000 r--p 0000d000 08:09 1449403                    /usr/lib/jvm/java-11-openjdk-amd64/lib/jli/libjli.so
7f9ec885c000-7f9ec885d000 ---p 00010000 08:09 1449403                    /usr/lib/jvm/java-11-openjdk-amd64/lib/jli/libjli.so
7f9ec885d000-7f9ec885e000 r--p 00010000 08:09 1449403                    /usr/lib/jvm/java-11-openjdk-amd64/lib/jli/libjli.so
7f9ec885e000-7f9ec885f000 rw-p 00011000 08:09 1449403                    /usr/lib/jvm/java-11-openjdk-amd64/lib/jli/libjli.so
7f9ec885f000-7f9ec8861000 rw-p 00000000 00:00 0 
7f9ec8861000-7f9ec8862000 r--p 00000000 08:09 662321                     /usr/lib/x86_64-linux-gnu/ld-linux-x86-64.so.2
7f9ec8862000-7f9ec888a000 r-xp 00001000 08:09 662321                     /usr/lib/x86_64-linux-gnu/ld-linux-x86-64.so.2
7f9ec888a000-7f9ec8894000 r--p 00029000 08:09 662321                     /usr/lib/x86_64-linux-gnu/ld-linux-x86-64.so.2
7f9ec8894000-7f9ec8896000 r--p 00032000 08:09 662321                     /usr/lib/x86_64-linux-gnu/ld-linux-x86-64.so.2
7f9ec8896000-7f9ec8898000 rw-p 00034000 08:09 662321                     /usr/lib/x86_64-linux-gnu/ld-linux-x86-64.so.2
7ffc88ab7000-7ffc88ad9000 rw-p 00000000 00:00 0                          [stack]
7ffc88bc5000-7ffc88bc9000 r--p 00000000 00:00 0                          [vvar]
7ffc88bc9000-7ffc88bcb000 r-xp 00000000 00:00 0                          [vdso]
ffffffffff600000-ffffffffff601000 --xp 00000000 00:00 0                  [vsyscall]


VM Arguments:
jvm_args: -Xverify:none -XX:TieredStopAtLevel=1 
java_command: com.ex3a.ex3.Ex3Application
java_class_path (initial): /home/alexandre/ies/IES_97505/lab2/lab2_3/ex3/target/classes:/home/alexandre/.m2/repository/org/springframework/boot/spring-boot/2.5.6/spring-boot-2.5.6.jar:/home/alexandre/.m2/repository/org/springframework/boot/spring-boot-autoconfigure/2.5.6/spring-boot-autoconfigure-2.5.6.jar:/home/alexandre/.m2/repository/ch/qos/logback/logback-classic/1.2.6/logback-classic-1.2.6.jar:/home/alexandre/.m2/repository/ch/qos/logback/logback-core/1.2.6/logback-core-1.2.6.jar:/home/alexandre/.m2/repository/org/apache/logging/log4j/log4j-to-slf4j/2.14.1/log4j-to-slf4j-2.14.1.jar:/home/alexandre/.m2/repository/org/apache/logging/log4j/log4j-api/2.14.1/log4j-api-2.14.1.jar:/home/alexandre/.m2/repository/org/slf4j/jul-to-slf4j/1.7.32/jul-to-slf4j-1.7.32.jar:/home/alexandre/.m2/repository/jakarta/annotation/jakarta.annotation-api/1.3.5/jakarta.annotation-api-1.3.5.jar:/home/alexandre/.m2/repository/org/yaml/snakeyaml/1.28/snakeyaml-1.28.jar:/home/alexandre/.m2/repository/com/fasterxml/jackson/core/jackson-databind/2.12.5/jackson-databind-2.12.5.jar:/home/alexandre/.m2/repository/com/fasterxml/jackson/core/jackson-annotations/2.12.5/jackson-annotations-2.12.5.jar:/home/alexandre/.m2/repository/com/fasterxml/jackson/core/jackson-core/2.12.5/jackson-core-2.12.5.jar:/home/alexandre/.m2/repository/com/fasterxml/jackson/datatype/jackson-datatype-jdk8/2.12.5/jackson-datatype-jdk8-2.12.5.jar:/home/alexandre/.m2/repository/com/fasterxml/jackson/datatype/jackson-datatype-jsr310/2.12.5/jackson-datatype-jsr310-2.12.5.jar:/home/alexandre/.m2/repository/com/fasterxml/jackson/module/jackson-module-parameter-names/2.12.5/jackson-module-parameter-names-2.12.5.jar:/home/alexandre/.m2/repository/org/apache/tomcat/embed/tomcat-embed-core/9.0.54/tomcat-embed-core-9.0.54.jar:/home/alexandre/.m2/repository/org/apache/tomcat/embed/tomcat-embed-el/9.0.54/tomcat-embed-el-9.0.54.jar:/home/alexandre/.m2/repository/org/apache/tomcat/embed/tomcat-embed-websocket/9.0.54/tomcat-embed-websock
Launcher Type: SUN_STANDARD

[Global flags]
     bool BytecodeVerificationLocal                = false                                     {product} {command line}
     bool BytecodeVerificationRemote               = false                                     {product} {command line}
     intx CICompilerCount                          = 3                                         {product} {ergonomic}
     uint ConcGCThreads                            = 1                                         {product} {ergonomic}
     uint G1ConcRefinementThreads                  = 4                                         {product} {ergonomic}
   size_t G1HeapRegionSize                         = 1048576                                   {product} {ergonomic}
    uintx GCDrainStackTargetSize                   = 64                                        {product} {ergonomic}
   size_t InitialHeapSize                          = 130023424                                 {product} {ergonomic}
   size_t MarkStackSize                            = 4194304                                   {product} {ergonomic}
   size_t MaxHeapSize                              = 2055208960                                {product} {ergonomic}
   size_t MaxNewSize                               = 1233125376                                {product} {ergonomic}
   size_t MinHeapDeltaBytes                        = 1048576                                   {product} {ergonomic}
    uintx NonNMethodCodeHeapSize                   = 6973028                                {pd product} {ergonomic}
    uintx NonProfiledCodeHeapSize                  = 244685212                              {pd product} {ergonomic}
    uintx ProfiledCodeHeapSize                     = 0                                      {pd product} {ergonomic}
    uintx ReservedCodeCacheSize                    = 251658240                              {pd product} {ergonomic}
     bool SegmentedCodeCache                       = true                                      {product} {ergonomic}
     intx TieredStopAtLevel                        = 1                                         {product} {command line}
     bool UseCompressedClassPointers               = true                                 {lp64_product} {ergonomic}
     bool UseCompressedOops                        = true                                 {lp64_product} {ergonomic}
     bool UseG1GC                                  = true                                      {product} {ergonomic}

Logging:
Log output configuration:
 #0: stdout all=warning uptime,level,tags
 #1: stderr all=off uptime,level,tags

Environment Variables:
JAVA_HOME=/usr/lib/jvm/java-11-openjdk-amd64
PATH=/home/alexandre/.local/bin:/usr/local/sbin:/usr/local/bin:/usr/sbin:/usr/bin:/sbin:/bin:/usr/games:/usr/local/games:/snap/bin:/snap/bin
USERNAME=alexandre
SHELL=/bin/bash
DISPLAY=:0
LANG=en_US.UTF-8
LC_CTYPE=pt_PT.UTF-8

Signal Handlers:
SIGSEGV: [libjvm.so+0xe9b670], sa_mask[0]=11111111011111111101111111111110, sa_flags=SA_RESTART|SA_SIGINFO
SIGBUS: [libjvm.so+0xe9b670], sa_mask[0]=11111111011111111101111111111110, sa_flags=SA_RESTART|SA_SIGINFO
SIGFPE: [libjvm.so+0xe9b670], sa_mask[0]=11111111011111111101111111111110, sa_flags=SA_RESTART|SA_SIGINFO
SIGPIPE: [libjvm.so+0xbe1330], sa_mask[0]=11111111011111111101111111111110, sa_flags=SA_RESTART|SA_SIGINFO
SIGXFSZ: [libjvm.so+0xbe1330], sa_mask[0]=11111111011111111101111111111110, sa_flags=SA_RESTART|SA_SIGINFO
SIGILL: [libjvm.so+0xe9b670], sa_mask[0]=11111111011111111101111111111110, sa_flags=SA_RESTART|SA_SIGINFO
SIGUSR2: [libjvm.so+0xbe11d0], sa_mask[0]=00100000000000000000000000000000, sa_flags=SA_RESTART|SA_SIGINFO
SIGHUP: [libjvm.so+0xbe1760], sa_mask[0]=11111111011111111101111111111110, sa_flags=SA_RESTART|SA_SIGINFO
SIGINT: [libjvm.so+0xbe1760], sa_mask[0]=11111111011111111101111111111110, sa_flags=SA_RESTART|SA_SIGINFO
SIGTERM: [libjvm.so+0xbe1760], sa_mask[0]=11111111011111111101111111111110, sa_flags=SA_RESTART|SA_SIGINFO
SIGQUIT: [libjvm.so+0xbe1760], sa_mask[0]=11111111011111111101111111111110, sa_flags=SA_RESTART|SA_SIGINFO


---------------  S Y S T E M  ---------------

OS:DISTRIB_ID=Ubuntu
DISTRIB_RELEASE=21.10
DISTRIB_CODENAME=impish
DISTRIB_DESCRIPTION="Ubuntu 21.10"
uname:Linux 5.13.0-20-generic #20-Ubuntu SMP Fri Oct 15 14:21:35 UTC 2021 x86_64
OS uptime: 0 days 20:57 hours
libc:glibc 2.34 NPTL 2.34 
rlimit (soft/hard): STACK 8192k/infinity , CORE 0k/infinity , NPROC 31142/31142 , NOFILE 1048576/1048576 , AS infinity/infinity , CPU infinity/infinity , DATA infinity/infinity , FSIZE infinity/infinity , MEMLOCK 1002900k/1002900k
load average:0,65 0,77 0,88

/proc/meminfo:
MemTotal:        8023200 kB
MemFree:          260908 kB
MemAvailable:    3311472 kB
Buffers:          186792 kB
Cached:          3503092 kB
SwapCached:           68 kB
Active:          1679420 kB
Inactive:        5446616 kB
Active(anon):      56388 kB
Inactive(anon):  3893928 kB
Active(file):    1623032 kB
Inactive(file):  1552688 kB
Unevictable:      178596 kB
Mlocked:              64 kB
SwapTotal:       3999740 kB
SwapFree:        3987892 kB
Dirty:              4400 kB
Writeback:             0 kB
AnonPages:       3614740 kB
Mapped:          1290876 kB
Shmem:            514164 kB
KReclaimable:     179152 kB
Slab:             300568 kB
SReclaimable:     179152 kB
SUnreclaim:       121416 kB
KernelStack:       17436 kB
PageTables:        53336 kB
NFS_Unstable:          0 kB
Bounce:                0 kB
WritebackTmp:          0 kB
CommitLimit:     8011340 kB
Committed_AS:   13483348 kB
VmallocTotal:   34359738367 kB
VmallocUsed:       42040 kB
VmallocChunk:          0 kB
Percpu:             5200 kB
HardwareCorrupted:     0 kB
AnonHugePages:         0 kB
ShmemHugePages:        0 kB
ShmemPmdMapped:        0 kB
FileHugePages:         0 kB
FilePmdMapped:         0 kB
HugePages_Total:       0
HugePages_Free:        0
HugePages_Rsvd:        0
HugePages_Surp:        0
Hugepagesize:       2048 kB
Hugetlb:               0 kB
DirectMap4k:      353980 kB
DirectMap2M:     7915520 kB
DirectMap1G:           0 kB

/sys/kernel/mm/transparent_hugepage/enabled:
always [madvise] never
/sys/kernel/mm/transparent_hugepage/defrag (defrag/compaction efforts parameter):
always defer defer+madvise [madvise] never

Process Memory:
Virtual Size: 5708788K (peak: 13437268K)
Resident Set Size: 158400K (peak: 158528K) (anon: 131924K, file: 26476K, shmem: 0K)
Swapped out: 0K
C-Heap outstanding allocations: 13368K

/proc/sys/kernel/threads-max (system-wide limit on the number of threads):
62285
/proc/sys/vm/max_map_count (maximum number of memory map areas a process may have):
65530
/proc/sys/kernel/pid_max (system-wide limit on number of process identifiers):
4194304

Steal ticks since vm start: 0
Steal ticks percentage since vm start:  0,000

CPU:total 4 (initial active 4) (2 cores per cpu, 2 threads per core) family 6 model 69 stepping 1 microcode 0x26, cmov, cx8, fxsr, mmx, sse, sse2, sse3, ssse3, sse4.1, sse4.2, popcnt, avx, avx2, aes, clmul, erms, lzcnt, ht, tsc, tscinvbit, bmi1, bmi2, fma
CPU Model and flags from /proc/cpuinfo:
model name	: Intel(R) Core(TM) i7-4510U CPU @ 2.00GHz
flags		: fpu vme de pse tsc msr pae mce cx8 apic sep mtrr pge mca cmov pat pse36 clflush dts acpi mmx fxsr sse sse2 ss ht tm pbe syscall nx pdpe1gb rdtscp lm constant_tsc arch_perfmon pebs bts rep_good nopl xtopology nonstop_tsc cpuid aperfmperf pni pclmulqdq dtes64 monitor ds_cpl vmx est tm2 ssse3 sdbg fma cx16 xtpr pdcm pcid sse4_1 sse4_2 movbe popcnt tsc_deadline_timer aes xsave avx f16c rdrand lahf_lm abm cpuid_fault epb invpcid_single pti ssbd ibrs ibpb stibp tpr_shadow vnmi flexpriority ept vpid ept_ad fsgsbase tsc_adjust bmi1 avx2 smep bmi2 erms invpcid xsaveopt dtherm ida arat pln pts md_clear flush_l1d
Online cpus:
0-3
Offline cpus:

BIOS frequency limitation:
<Not Available>
Frequency switch latency (ns):
20000
Available cpu frequencies:
<Not Available>
Current governor:
schedutil
Core performance/turbo boost:
<Not Available>

Memory: 4k page, physical 8023200k(260632k free), swap 3999740k(3987892k free)

vm_info: OpenJDK 64-Bit Server VM (11.0.12+7-Ubuntu-0ubuntu3) for linux-amd64 JRE (11.0.12+7-Ubuntu-0ubuntu3), built on Aug 14 2021 12:38:05 by "unknown" with gcc 10.3.0

END.
