* 472de18 (HEAD -> main, origin/main, origin/HEAD) Perguntas finais respondidas
* 6577ac4 docker almost
* 6ea6ca2 inicio do docker
* ab021be algumas duvidas no 1_3
* d5f6a2d Delete rna.java
* d5770b4 1_3 inicio
* dd727f3 Create file.gitignore
* 7e64942 1_2 done
* 77106c4 1_2 feito falta atualizar read_Me
* a163760 falta meter a dar para todos os lados e o read me atualizado até aqui
* d4201ef Update README.md
* 6d60523 inicio do projeto WheaterRadar
* f12c89d Update README.md
* 7db7e18 Readme feito até alinea f
* af85d74 Readme detalhado até alinea D
* 6415040 Update README.md
* 9fb508b Update README.md
*   224b905 Vou para a alinea E
|\  
| * 8429afd Update README.md
* | de68ae2 Vou para a alinea E
|/  
* 54b3b19 inicio
* 1a822ba Initial commit
